{"numFailedTestSuites":7,"numFailedTests":11,"numPassedTestSuites":25,"numPassedTests":154,"numPendingTestSuites":0,"numPendingTests":0,"numRuntimeErrorTestSuites":3,"numTodoTests":0,"numTotalTestSuites":32,"numTotalTests":165,"openHandles":[],"snapshot":{"added":0,"didUpdate":false,"failure":false,"filesAdded":0,"filesRemoved":0,"filesRemovedList":[],"filesUnmatched":0,"filesUpdated":0,"matched":0,"total":0,"unchecked":0,"uncheckedKeysByFile":[],"unmatched":0,"updated":0},"startTime":1765526476527,"success":false,"testResults":[{"assertionResults":[{"ancestorTitles":["ManageCouponHandler","updateVoucherCodesPointCost"],"duration":84,"failing":false,"failureDetails":[],"failureMessages":[],"fullName":"ManageCouponHandler updateVoucherCodesPointCost should update voucher codes point cost successfully","invocations":1,"location":null,"numPassingAsserts":5,"retryReasons":[],"startAt":1765526506701,"status":"passed","title":"should update voucher codes point cost successfully"},{"ancestorTitles":["ManageCouponHandler","updateVoucherCodesPointCost"],"duration":64,"failing":false,"failureDetails":[],"failureMessages":[],"fullName":"ManageCouponHandler updateVoucherCodesPointCost should throw NotFoundException when voucher not found","invocations":1,"location":null,"numPassingAsserts":1,"retryReasons":[],"startAt":1765526506788,"status":"passed","title":"should throw NotFoundException when voucher not found"},{"ancestorTitles":["ManageCouponHandler","updateVoucherCodesPointCost"],"duration":13,"failing":false,"failureDetails":[],"failureMessages":[],"fullName":"ManageCouponHandler updateVoucherCodesPointCost should throw BadRequestException for invalid amount","invocations":1,"location":null,"numPassingAsserts":1,"retryReasons":[],"startAt":1765526506853,"status":"passed","title":"should throw BadRequestException for invalid amount"},{"ancestorTitles":["ManageCouponHandler","updateVoucherCodesPointCost"],"duration":5,"failing":false,"failureDetails":[],"failureMessages":[],"fullName":"ManageCouponHandler updateVoucherCodesPointCost should throw BadRequestException for invalid price","invocations":1,"location":null,"numPassingAsserts":1,"retryReasons":[],"startAt":1765526506866,"status":"passed","title":"should throw BadRequestException for invalid price"},{"ancestorTitles":["ManageCouponHandler","updateVoucherCodesPointCost"],"duration":4,"failing":false,"failureDetails":[],"failureMessages":[],"fullName":"ManageCouponHandler updateVoucherCodesPointCost should throw NotFoundException when no unused codes found","invocations":1,"location":null,"numPassingAsserts":1,"retryReasons":[],"startAt":1765526506871,"status":"passed","title":"should throw NotFoundException when no unused codes found"},{"ancestorTitles":["ManageCouponHandler","updateAllVoucherCodesPointCost"],"duration":23,"failing":false,"failureDetails":[],"failureMessages":[],"fullName":"ManageCouponHandler updateAllVoucherCodesPointCost should update all voucher codes point cost successfully","invocations":1,"location":null,"numPassingAsserts":5,"retryReasons":[],"startAt":1765526506882,"status":"passed","title":"should update all voucher codes point cost successfully"},{"ancestorTitles":["ManageCouponHandler","updateAllVoucherCodesPointCost"],"duration":3,"failing":false,"failureDetails":[],"failureMessages":[],"fullName":"ManageCouponHandler updateAllVoucherCodesPointCost should throw NotFoundException when voucher not found","invocations":1,"location":null,"numPassingAsserts":1,"retryReasons":[],"startAt":1765526506905,"status":"passed","title":"should throw NotFoundException when voucher not found"},{"ancestorTitles":["ManageCouponHandler","updateAllVoucherCodesPointCost"],"duration":13,"failing":false,"failureDetails":[],"failureMessages":[],"fullName":"ManageCouponHandler updateAllVoucherCodesPointCost should throw BadRequestException for invalid price","invocations":1,"location":null,"numPassingAsserts":1,"retryReasons":[],"startAt":1765526506909,"status":"passed","title":"should throw BadRequestException for invalid price"},{"ancestorTitles":["ManageCouponHandler","getVoucherCodesStatistics"],"duration":5,"failing":false,"failureDetails":[],"failureMessages":[],"fullName":"ManageCouponHandler getVoucherCodesStatistics should return statistics for voucher codes","invocations":1,"location":null,"numPassingAsserts":6,"retryReasons":[],"startAt":1765526506922,"status":"passed","title":"should return statistics for voucher codes"},{"ancestorTitles":["ManageCouponHandler","getVoucherCodesStatistics"],"duration":18,"failing":false,"failureDetails":[],"failureMessages":[],"fullName":"ManageCouponHandler getVoucherCodesStatistics should throw NotFoundException when no codes found","invocations":1,"location":null,"numPassingAsserts":1,"retryReasons":[],"startAt":1765526506927,"status":"passed","title":"should throw NotFoundException when no codes found"},{"ancestorTitles":["ManageCouponHandler","resetVoucherCodesPointCost"],"duration":3,"failing":false,"failureDetails":[],"failureMessages":[],"fullName":"ManageCouponHandler resetVoucherCodesPointCost should reset voucher codes point cost","invocations":1,"location":null,"numPassingAsserts":2,"retryReasons":[],"startAt":1765526506946,"status":"passed","title":"should reset voucher codes point cost"}],"endTime":1765526506955,"message":"","name":"/Users/subtawen/Documents/GitHub/blockchain-backoffice-backend/test/manage-coupon.handler.spec.ts","startTime":1765526477797,"status":"passed","summary":""},{"assertionResults":[{"ancestorTitles":["TransactionDBService"],"duration":139,"failing":false,"failureDetails":[],"failureMessages":[],"fullName":"TransactionDBService should be defined","invocations":1,"location":null,"numPassingAsserts":1,"retryReasons":[],"startAt":1765526510448,"status":"passed","title":"should be defined"},{"ancestorTitles":["TransactionDBService"],"duration":21,"failing":false,"failureDetails":[{"matcherResult":{"message":"expect(jest.fn()).toHaveBeenCalledWith(...expected)\n\n- Expected\n+ Received\n\n@@ -4,10 +4,23 @@\n      \"merchantReceiver\": true,\n      \"merchantSender\": true,\n      \"point\": true,\n      \"receiver\": true,\n      \"sender\": true,\n+     \"voucherCode\": Object {\n+       \"include\": Object {\n+         \"voucher\": Object {\n+           \"select\": Object {\n+             \"id\": true,\n+             \"imageUrl\": true,\n+             \"name\": true,\n+             \"value\": true,\n+             \"valueType\": true,\n+           },\n+         },\n+       },\n+     },\n    },\n    \"where\": Object {\n      \"OR\": Array [\n        Object {\n          \"senderId\": \"c_1\",,\n\nNumber of calls: 1","pass":false}}],"failureMessages":["Error: expect(jest.fn()).toHaveBeenCalledWith(...expected)\n\n- Expected\n+ Received\n\n@@ -4,10 +4,23 @@\n      \"merchantReceiver\": true,\n      \"merchantSender\": true,\n      \"point\": true,\n      \"receiver\": true,\n      \"sender\": true,\n+     \"voucherCode\": Object {\n+       \"include\": Object {\n+         \"voucher\": Object {\n+           \"select\": Object {\n+             \"id\": true,\n+             \"imageUrl\": true,\n+             \"name\": true,\n+             \"value\": true,\n+             \"valueType\": true,\n+           },\n+         },\n+       },\n+     },\n    },\n    \"where\": Object {\n      \"OR\": Array [\n        Object {\n          \"senderId\": \"c_1\",,\n\nNumber of calls: 1\n    at Object.<anonymous> (/Users/subtawen/Documents/GitHub/blockchain-backoffice-backend/test/transaction-db.service.spec.ts:51:33)\n    at processTicksAndRejections (node:internal/process/task_queues:103:5)"],"fullName":"TransactionDBService getTransactionsByCustomerId should call repository.findMany correctly","invocations":1,"location":null,"numPassingAsserts":0,"retryReasons":[],"startAt":1765526510588,"status":"failed","title":"getTransactionsByCustomerId should call repository.findMany correctly"},{"ancestorTitles":["TransactionDBService"],"duration":26,"failing":false,"failureDetails":[{"matcherResult":{"message":"expect(jest.fn()).toHaveBeenCalledWith(...expected)\n\n- Expected\n+ Received\n\n@@ -4,10 +4,23 @@\n      \"merchantReceiver\": true,\n      \"merchantSender\": true,\n      \"point\": true,\n      \"receiver\": true,\n      \"sender\": true,\n+     \"voucherCode\": Object {\n+       \"include\": Object {\n+         \"voucher\": Object {\n+           \"select\": Object {\n+             \"id\": true,\n+             \"imageUrl\": true,\n+             \"name\": true,\n+             \"value\": true,\n+             \"valueType\": true,\n+           },\n+         },\n+       },\n+     },\n    },\n    \"where\": Object {\n      \"merchantId\": \"m_1\",\n    },\n  },\n\nNumber of calls: 1","pass":false}}],"failureMessages":["Error: expect(jest.fn()).toHaveBeenCalledWith(...expected)\n\n- Expected\n+ Received\n\n@@ -4,10 +4,23 @@\n      \"merchantReceiver\": true,\n      \"merchantSender\": true,\n      \"point\": true,\n      \"receiver\": true,\n      \"sender\": true,\n+     \"voucherCode\": Object {\n+       \"include\": Object {\n+         \"voucher\": Object {\n+           \"select\": Object {\n+             \"id\": true,\n+             \"imageUrl\": true,\n+             \"name\": true,\n+             \"value\": true,\n+             \"valueType\": true,\n+           },\n+         },\n+       },\n+     },\n    },\n    \"where\": Object {\n      \"merchantId\": \"m_1\",\n    },\n  },\n\nNumber of calls: 1\n    at Object.<anonymous> (/Users/subtawen/Documents/GitHub/blockchain-backoffice-backend/test/transaction-db.service.spec.ts:72:33)\n    at processTicksAndRejections (node:internal/process/task_queues:103:5)"],"fullName":"TransactionDBService getTransactionsByMerchantId should call repository.findMany","invocations":1,"location":null,"numPassingAsserts":0,"retryReasons":[],"startAt":1765526510630,"status":"failed","title":"getTransactionsByMerchantId should call repository.findMany"},{"ancestorTitles":["TransactionDBService"],"duration":6,"failing":false,"failureDetails":[],"failureMessages":[],"fullName":"TransactionDBService getTransactionsTodayByMerchantId should filter by today","invocations":1,"location":null,"numPassingAsserts":1,"retryReasons":[],"startAt":1765526510657,"status":"passed","title":"getTransactionsTodayByMerchantId should filter by today"},{"ancestorTitles":["TransactionDBService"],"duration":4,"failing":false,"failureDetails":[],"failureMessages":[],"fullName":"TransactionDBService getTransactionsTodayByMerchantIdAndTypeId should filter by merchant + type","invocations":1,"location":null,"numPassingAsserts":1,"retryReasons":[],"startAt":1765526510664,"status":"passed","title":"getTransactionsTodayByMerchantIdAndTypeId should filter by merchant + type"},{"ancestorTitles":["TransactionDBService"],"duration":5,"failing":false,"failureDetails":[],"failureMessages":[],"fullName":"TransactionDBService createTransaction should call repository.create","invocations":1,"location":null,"numPassingAsserts":2,"retryReasons":[],"startAt":1765526510668,"status":"passed","title":"createTransaction should call repository.create"}],"endTime":1765526510741,"message":"  ● TransactionDBService › getTransactionsByCustomerId should call repository.findMany correctly\n\n    expect(jest.fn()).toHaveBeenCalledWith(...expected)\n\n    - Expected\n    + Received\n\n    @@ -4,10 +4,23 @@\n          \"merchantReceiver\": true,\n          \"merchantSender\": true,\n          \"point\": true,\n          \"receiver\": true,\n          \"sender\": true,\n    +     \"voucherCode\": Object {\n    +       \"include\": Object {\n    +         \"voucher\": Object {\n    +           \"select\": Object {\n    +             \"id\": true,\n    +             \"imageUrl\": true,\n    +             \"name\": true,\n    +             \"value\": true,\n    +             \"valueType\": true,\n    +           },\n    +         },\n    +       },\n    +     },\n        },\n        \"where\": Object {\n          \"OR\": Array [\n            Object {\n              \"senderId\": \"c_1\",,\n\n    Number of calls: 1\n\n      49 |     const result = await service.getTransactionsByCustomerId('c_1', 'm_1');\n      50 |\n    > 51 |     expect(repository.findMany).toHaveBeenCalledWith({\n         |                                 ^\n      52 |       where: {\n      53 |         OR: [{ senderId: 'c_1' }, { receiverId: 'c_1' }],\n      54 |         merchantId: 'm_1',\n\n      at Object.<anonymous> (test/transaction-db.service.spec.ts:51:33)\n\n  ● TransactionDBService › getTransactionsByMerchantId should call repository.findMany\n\n    expect(jest.fn()).toHaveBeenCalledWith(...expected)\n\n    - Expected\n    + Received\n\n    @@ -4,10 +4,23 @@\n          \"merchantReceiver\": true,\n          \"merchantSender\": true,\n          \"point\": true,\n          \"receiver\": true,\n          \"sender\": true,\n    +     \"voucherCode\": Object {\n    +       \"include\": Object {\n    +         \"voucher\": Object {\n    +           \"select\": Object {\n    +             \"id\": true,\n    +             \"imageUrl\": true,\n    +             \"name\": true,\n    +             \"value\": true,\n    +             \"valueType\": true,\n    +           },\n    +         },\n    +       },\n    +     },\n        },\n        \"where\": Object {\n          \"merchantId\": \"m_1\",\n        },\n      },\n\n    Number of calls: 1\n\n      70 |\n      71 |     const result = await service.getTransactionsByMerchantId('m_1');\n    > 72 |     expect(repository.findMany).toHaveBeenCalledWith({\n         |                                 ^\n      73 |       where: { merchantId: 'm_1' },\n      74 |       include: {\n      75 |         merchant: true,\n\n      at Object.<anonymous> (test/transaction-db.service.spec.ts:72:33)\n","name":"/Users/subtawen/Documents/GitHub/blockchain-backoffice-backend/test/transaction-db.service.spec.ts","startTime":1765526477706,"status":"failed","summary":""},{"assertionResults":[{"ancestorTitles":["GetCustomerListDev"],"duration":123,"failing":false,"failureDetails":[],"failureMessages":[],"fullName":"GetCustomerListDev should be defined","invocations":1,"location":null,"numPassingAsserts":1,"retryReasons":[],"startAt":1765526511240,"status":"passed","title":"should be defined"},{"ancestorTitles":["GetCustomerListDev"],"duration":14,"failing":false,"failureDetails":[],"failureMessages":[],"fullName":"GetCustomerListDev should return all customers successfully","invocations":1,"location":null,"numPassingAsserts":9,"retryReasons":[],"startAt":1765526511366,"status":"passed","title":"should return all customers successfully"},{"ancestorTitles":["GetCustomerListDev"],"duration":5,"failing":false,"failureDetails":[],"failureMessages":[],"fullName":"GetCustomerListDev should return empty array when no customers found","invocations":1,"location":null,"numPassingAsserts":4,"retryReasons":[],"startAt":1765526511380,"status":"passed","title":"should return empty array when no customers found"},{"ancestorTitles":["GetCustomerListDev"],"duration":15,"failing":false,"failureDetails":[],"failureMessages":[],"fullName":"GetCustomerListDev should handle pagination correctly","invocations":1,"location":null,"numPassingAsserts":4,"retryReasons":[],"startAt":1765526511385,"status":"passed","title":"should handle pagination correctly"},{"ancestorTitles":["GetCustomerListDev"],"duration":27,"failing":false,"failureDetails":[],"failureMessages":[],"fullName":"GetCustomerListDev should throw InternalServerErrorException on error","invocations":1,"location":null,"numPassingAsserts":1,"retryReasons":[],"startAt":1765526511400,"status":"passed","title":"should throw InternalServerErrorException on error"}],"endTime":1765526511429,"message":"","name":"/Users/subtawen/Documents/GitHub/blockchain-backoffice-backend/test/get-customer-list-dev.handler.spec.ts","startTime":1765526477721,"status":"passed","summary":""},{"assertionResults":[{"ancestorTitles":["ActivateVoucher"],"duration":80,"failing":false,"failureDetails":[],"failureMessages":[],"fullName":"ActivateVoucher should be defined","invocations":1,"location":null,"numPassingAsserts":1,"retryReasons":[],"startAt":1765526511976,"status":"passed","title":"should be defined"},{"ancestorTitles":["ActivateVoucher","execute"],"duration":127,"failing":false,"failureDetails":[{"response":{"message":"Failed to verify merchant NFT balance: this.blockchainService.getUserCouponBalance is not a function","error":"Bad Request","statusCode":400},"status":400,"options":{},"message":"Failed to verify merchant NFT balance: this.blockchainService.getUserCouponBalance is not a function","name":"BadRequestException"}],"failureMessages":["BadRequestException: Failed to verify merchant NFT balance: this.blockchainService.getUserCouponBalance is not a function\n    at result.prisma.$transaction.timeout (/Users/subtawen/Documents/GitHub/blockchain-backoffice-backend/src/modules/voucher/handlers/activateVoucher.handler.ts:183:19)\n    at processTicksAndRejections (node:internal/process/task_queues:103:5)\n    at ActivateVoucher.execute (/Users/subtawen/Documents/GitHub/blockchain-backoffice-backend/src/modules/voucher/handlers/activateVoucher.handler.ts:112:22)\n    at Object.<anonymous> (/Users/subtawen/Documents/GitHub/blockchain-backoffice-backend/test/activate-voucher.handler.spec.ts:127:22)"],"fullName":"ActivateVoucher execute should successfully activate voucher with codes","invocations":1,"location":null,"numPassingAsserts":0,"retryReasons":[],"startAt":1765526512062,"status":"failed","title":"should successfully activate voucher with codes"},{"ancestorTitles":["ActivateVoucher","execute"],"duration":27,"failing":false,"failureDetails":[],"failureMessages":[],"fullName":"ActivateVoucher execute should throw NotFoundException when voucher not found","invocations":1,"location":null,"numPassingAsserts":1,"retryReasons":[],"startAt":1765526512191,"status":"passed","title":"should throw NotFoundException when voucher not found"},{"ancestorTitles":["ActivateVoucher","execute"],"duration":7,"failing":false,"failureDetails":[],"failureMessages":[],"fullName":"ActivateVoucher execute should throw BadRequestException when voucher does not belong to merchant","invocations":1,"location":null,"numPassingAsserts":1,"retryReasons":[],"startAt":1765526512218,"status":"passed","title":"should throw BadRequestException when voucher does not belong to merchant"},{"ancestorTitles":["ActivateVoucher","execute"],"duration":119,"failing":false,"failureDetails":[{"matcherResult":{"message":"expect(received).rejects.toThrow(expected)\n\nExpected constructor: BadRequestException\nReceived constructor: Error\n\nReceived message: \"Merchant wallet not configured\"\n\n      140 |             !merchant?.wallet?.privateKey\n      141 |           ) {\n    > 142 |             throw new Error('Merchant wallet not configured');\n          |                   ^\n      143 |           }\n      144 |\n      145 |           // Get tokenId from voucher\n\n      at result.prisma.$transaction.timeout (src/modules/voucher/handlers/activateVoucher.handler.ts:142:19)\n      at ActivateVoucher.execute (src/modules/voucher/handlers/activateVoucher.handler.ts:112:22)\n      at Object.<anonymous> (test/activate-voucher.handler.spec.ts:196:7)","pass":false},"message":"expect(received).rejects.toThrow(expected)\n\nExpected constructor: BadRequestException\nReceived constructor: Error\n\nReceived message: \"Merchant wallet not configured\"\n\n      140 |             !merchant?.wallet?.privateKey\n      141 |           ) {\n    > 142 |             throw new Error('Merchant wallet not configured');\n          |                   ^\n      143 |           }\n      144 |\n      145 |           // Get tokenId from voucher\n\n      at result.prisma.$transaction.timeout (src/modules/voucher/handlers/activateVoucher.handler.ts:142:19)\n      at ActivateVoucher.execute (src/modules/voucher/handlers/activateVoucher.handler.ts:112:22)\n      at Object.<anonymous> (test/activate-voucher.handler.spec.ts:196:7)"}],"failureMessages":["Error: expect(received).rejects.toThrow(expected)\n\nExpected constructor: BadRequestException\nReceived constructor: Error\n\nReceived message: \"Merchant wallet not configured\"\n\n      140 |             !merchant?.wallet?.privateKey\n      141 |           ) {\n    > 142 |             throw new Error('Merchant wallet not configured');\n          |                   ^\n      143 |           }\n      144 |\n      145 |           // Get tokenId from voucher\n\n      at result.prisma.$transaction.timeout (src/modules/voucher/handlers/activateVoucher.handler.ts:142:19)\n      at ActivateVoucher.execute (src/modules/voucher/handlers/activateVoucher.handler.ts:112:22)\n      at Object.<anonymous> (test/activate-voucher.handler.spec.ts:196:7)\n    at Object.toThrow (/Users/subtawen/Documents/GitHub/blockchain-backoffice-backend/node_modules/expect/build/index.js:2155:20)\n    at Object.<anonymous> (/Users/subtawen/Documents/GitHub/blockchain-backoffice-backend/test/activate-voucher.handler.spec.ts:198:17)\n    at Promise.finally.completed (/Users/subtawen/Documents/GitHub/blockchain-backoffice-backend/node_modules/jest-circus/build/jestAdapterInit.js:1557:28)\n    at new Promise (<anonymous>)\n    at callAsyncCircusFn (/Users/subtawen/Documents/GitHub/blockchain-backoffice-backend/node_modules/jest-circus/build/jestAdapterInit.js:1497:10)\n    at _callCircusTest (/Users/subtawen/Documents/GitHub/blockchain-backoffice-backend/node_modules/jest-circus/build/jestAdapterInit.js:1007:40)\n    at processTicksAndRejections (node:internal/process/task_queues:103:5)\n    at _runTest (/Users/subtawen/Documents/GitHub/blockchain-backoffice-backend/node_modules/jest-circus/build/jestAdapterInit.js:947:3)\n    at /Users/subtawen/Documents/GitHub/blockchain-backoffice-backend/node_modules/jest-circus/build/jestAdapterInit.js:849:7\n    at _runTestsForDescribeBlock (/Users/subtawen/Documents/GitHub/blockchain-backoffice-backend/node_modules/jest-circus/build/jestAdapterInit.js:862:11)\n    at _runTestsForDescribeBlock (/Users/subtawen/Documents/GitHub/blockchain-backoffice-backend/node_modules/jest-circus/build/jestAdapterInit.js:857:11)\n    at _runTestsForDescribeBlock (/Users/subtawen/Documents/GitHub/blockchain-backoffice-backend/node_modules/jest-circus/build/jestAdapterInit.js:857:11)\n    at run (/Users/subtawen/Documents/GitHub/blockchain-backoffice-backend/node_modules/jest-circus/build/jestAdapterInit.js:761:3)\n    at runAndTransformResultsToJestFormat (/Users/subtawen/Documents/GitHub/blockchain-backoffice-backend/node_modules/jest-circus/build/jestAdapterInit.js:1918:21)\n    at jestAdapter (/Users/subtawen/Documents/GitHub/blockchain-backoffice-backend/node_modules/jest-circus/build/runner.js:101:19)\n    at runTestInternal (/Users/subtawen/Documents/GitHub/blockchain-backoffice-backend/node_modules/jest-runner/build/testWorker.js:275:16)\n    at runTest (/Users/subtawen/Documents/GitHub/blockchain-backoffice-backend/node_modules/jest-runner/build/testWorker.js:343:7)\n    at Object.worker (/Users/subtawen/Documents/GitHub/blockchain-backoffice-backend/node_modules/jest-runner/build/testWorker.js:497:12)"],"fullName":"ActivateVoucher execute should throw BadRequestException when voucher already active","invocations":1,"location":null,"numPassingAsserts":0,"retryReasons":[],"startAt":1765526512225,"status":"failed","title":"should throw BadRequestException when voucher already active"},{"ancestorTitles":["ActivateVoucher","execute"],"duration":6,"failing":false,"failureDetails":[],"failureMessages":[],"fullName":"ActivateVoucher execute should throw BadRequestException when point not found","invocations":1,"location":null,"numPassingAsserts":1,"retryReasons":[],"startAt":1765526512349,"status":"passed","title":"should throw BadRequestException when point not found"},{"ancestorTitles":["ActivateVoucher","execute"],"duration":11,"failing":false,"failureDetails":[{"matcherResult":{"message":"expect(received).rejects.toThrow(expected)\n\nExpected constructor: BadRequestException\nReceived constructor: Error\n\nReceived message: \"Merchant wallet not configured\"\n\n      140 |             !merchant?.wallet?.privateKey\n      141 |           ) {\n    > 142 |             throw new Error('Merchant wallet not configured');\n          |                   ^\n      143 |           }\n      144 |\n      145 |           // Get tokenId from voucher\n\n      at result.prisma.$transaction.timeout (src/modules/voucher/handlers/activateVoucher.handler.ts:142:19)\n      at ActivateVoucher.execute (src/modules/voucher/handlers/activateVoucher.handler.ts:112:22)\n      at Object.<anonymous> (test/activate-voucher.handler.spec.ts:242:7)","pass":false},"message":"expect(received).rejects.toThrow(expected)\n\nExpected constructor: BadRequestException\nReceived constructor: Error\n\nReceived message: \"Merchant wallet not configured\"\n\n      140 |             !merchant?.wallet?.privateKey\n      141 |           ) {\n    > 142 |             throw new Error('Merchant wallet not configured');\n          |                   ^\n      143 |           }\n      144 |\n      145 |           // Get tokenId from voucher\n\n      at result.prisma.$transaction.timeout (src/modules/voucher/handlers/activateVoucher.handler.ts:142:19)\n      at ActivateVoucher.execute (src/modules/voucher/handlers/activateVoucher.handler.ts:112:22)\n      at Object.<anonymous> (test/activate-voucher.handler.spec.ts:242:7)"}],"failureMessages":["Error: expect(received).rejects.toThrow(expected)\n\nExpected constructor: BadRequestException\nReceived constructor: Error\n\nReceived message: \"Merchant wallet not configured\"\n\n      140 |             !merchant?.wallet?.privateKey\n      141 |           ) {\n    > 142 |             throw new Error('Merchant wallet not configured');\n          |                   ^\n      143 |           }\n      144 |\n      145 |           // Get tokenId from voucher\n\n      at result.prisma.$transaction.timeout (src/modules/voucher/handlers/activateVoucher.handler.ts:142:19)\n      at ActivateVoucher.execute (src/modules/voucher/handlers/activateVoucher.handler.ts:112:22)\n      at Object.<anonymous> (test/activate-voucher.handler.spec.ts:242:7)\n    at Object.toThrow (/Users/subtawen/Documents/GitHub/blockchain-backoffice-backend/node_modules/expect/build/index.js:2155:20)\n    at Object.<anonymous> (/Users/subtawen/Documents/GitHub/blockchain-backoffice-backend/test/activate-voucher.handler.spec.ts:244:17)\n    at Promise.finally.completed (/Users/subtawen/Documents/GitHub/blockchain-backoffice-backend/node_modules/jest-circus/build/jestAdapterInit.js:1557:28)\n    at new Promise (<anonymous>)\n    at callAsyncCircusFn (/Users/subtawen/Documents/GitHub/blockchain-backoffice-backend/node_modules/jest-circus/build/jestAdapterInit.js:1497:10)\n    at _callCircusTest (/Users/subtawen/Documents/GitHub/blockchain-backoffice-backend/node_modules/jest-circus/build/jestAdapterInit.js:1007:40)\n    at processTicksAndRejections (node:internal/process/task_queues:103:5)\n    at _runTest (/Users/subtawen/Documents/GitHub/blockchain-backoffice-backend/node_modules/jest-circus/build/jestAdapterInit.js:947:3)\n    at /Users/subtawen/Documents/GitHub/blockchain-backoffice-backend/node_modules/jest-circus/build/jestAdapterInit.js:849:7\n    at _runTestsForDescribeBlock (/Users/subtawen/Documents/GitHub/blockchain-backoffice-backend/node_modules/jest-circus/build/jestAdapterInit.js:862:11)\n    at _runTestsForDescribeBlock (/Users/subtawen/Documents/GitHub/blockchain-backoffice-backend/node_modules/jest-circus/build/jestAdapterInit.js:857:11)\n    at _runTestsForDescribeBlock (/Users/subtawen/Documents/GitHub/blockchain-backoffice-backend/node_modules/jest-circus/build/jestAdapterInit.js:857:11)\n    at run (/Users/subtawen/Documents/GitHub/blockchain-backoffice-backend/node_modules/jest-circus/build/jestAdapterInit.js:761:3)\n    at runAndTransformResultsToJestFormat (/Users/subtawen/Documents/GitHub/blockchain-backoffice-backend/node_modules/jest-circus/build/jestAdapterInit.js:1918:21)\n    at jestAdapter (/Users/subtawen/Documents/GitHub/blockchain-backoffice-backend/node_modules/jest-circus/build/runner.js:101:19)\n    at runTestInternal (/Users/subtawen/Documents/GitHub/blockchain-backoffice-backend/node_modules/jest-runner/build/testWorker.js:275:16)\n    at runTest (/Users/subtawen/Documents/GitHub/blockchain-backoffice-backend/node_modules/jest-runner/build/testWorker.js:343:7)\n    at Object.worker (/Users/subtawen/Documents/GitHub/blockchain-backoffice-backend/node_modules/jest-runner/build/testWorker.js:497:12)"],"fullName":"ActivateVoucher execute should throw BadRequestException when insufficient NFT balance","invocations":1,"location":null,"numPassingAsserts":0,"retryReasons":[],"startAt":1765526512356,"status":"failed","title":"should throw BadRequestException when insufficient NFT balance"}],"endTime":1765526512389,"message":"  ● ActivateVoucher › execute › should successfully activate voucher with codes\n\n    BadRequestException: Failed to verify merchant NFT balance: this.blockchainService.getUserCouponBalance is not a function\n\n      181 |               `[ERROR] Failed to check NFT balance: ${error.message}`,\n      182 |             );\n    > 183 |             throw new BadRequestException(\n          |                   ^\n      184 |               `Failed to verify merchant NFT balance: ${error.message}`,\n      185 |             );\n      186 |           }\n\n      at result.prisma.$transaction.timeout (src/modules/voucher/handlers/activateVoucher.handler.ts:183:19)\n      at ActivateVoucher.execute (src/modules/voucher/handlers/activateVoucher.handler.ts:112:22)\n      at Object.<anonymous> (test/activate-voucher.handler.spec.ts:127:22)\n\n  ● ActivateVoucher › execute › should throw BadRequestException when voucher already active\n\n    expect(received).rejects.toThrow(expected)\n\n    Expected constructor: BadRequestException\n    Received constructor: Error\n\n    Received message: \"Merchant wallet not configured\"\n\n          140 |             !merchant?.wallet?.privateKey\n          141 |           ) {\n        > 142 |             throw new Error('Merchant wallet not configured');\n              |                   ^\n          143 |           }\n          144 |\n          145 |           // Get tokenId from voucher\n\n      at result.prisma.$transaction.timeout (src/modules/voucher/handlers/activateVoucher.handler.ts:142:19)\n      at ActivateVoucher.execute (src/modules/voucher/handlers/activateVoucher.handler.ts:112:22)\n      at Object.<anonymous> (test/activate-voucher.handler.spec.ts:196:7)\n      at Object.toThrow (node_modules/expect/build/index.js:2155:20)\n      at Object.<anonymous> (test/activate-voucher.handler.spec.ts:198:17)\n\n  ● ActivateVoucher › execute › should throw BadRequestException when insufficient NFT balance\n\n    expect(received).rejects.toThrow(expected)\n\n    Expected constructor: BadRequestException\n    Received constructor: Error\n\n    Received message: \"Merchant wallet not configured\"\n\n          140 |             !merchant?.wallet?.privateKey\n          141 |           ) {\n        > 142 |             throw new Error('Merchant wallet not configured');\n              |                   ^\n          143 |           }\n          144 |\n          145 |           // Get tokenId from voucher\n\n      at result.prisma.$transaction.timeout (src/modules/voucher/handlers/activateVoucher.handler.ts:142:19)\n      at ActivateVoucher.execute (src/modules/voucher/handlers/activateVoucher.handler.ts:112:22)\n      at Object.<anonymous> (test/activate-voucher.handler.spec.ts:242:7)\n      at Object.toThrow (node_modules/expect/build/index.js:2155:20)\n      at Object.<anonymous> (test/activate-voucher.handler.spec.ts:244:17)\n","name":"/Users/subtawen/Documents/GitHub/blockchain-backoffice-backend/test/activate-voucher.handler.spec.ts","startTime":1765526477682,"status":"failed","summary":""},{"assertionResults":[{"ancestorTitles":["ApiKeyController"],"duration":12,"failing":false,"failureDetails":[],"failureMessages":[],"fullName":"ApiKeyController should be defined","invocations":1,"location":null,"numPassingAsserts":1,"retryReasons":[],"startAt":1765526512553,"status":"passed","title":"should be defined"},{"ancestorTitles":["ApiKeyController"],"duration":8,"failing":false,"failureDetails":[],"failureMessages":[],"fullName":"ApiKeyController should call createApiKey handler with correct params","invocations":1,"location":null,"numPassingAsserts":1,"retryReasons":[],"startAt":1765526512566,"status":"passed","title":"should call createApiKey handler with correct params"},{"ancestorTitles":["ApiKeyController"],"duration":6,"failing":false,"failureDetails":[],"failureMessages":[],"fullName":"ApiKeyController should call getApiKeys handler with merchantId and page options","invocations":1,"location":null,"numPassingAsserts":1,"retryReasons":[],"startAt":1765526512575,"status":"passed","title":"should call getApiKeys handler with merchantId and page options"},{"ancestorTitles":["ApiKeyController"],"duration":21,"failing":false,"failureDetails":[],"failureMessages":[],"fullName":"ApiKeyController should call deleteApiKey handler with correct id and merchantId","invocations":1,"location":null,"numPassingAsserts":1,"retryReasons":[],"startAt":1765526512581,"status":"passed","title":"should call deleteApiKey handler with correct id and merchantId"}],"endTime":1765526512604,"message":"","name":"/Users/subtawen/Documents/GitHub/blockchain-backoffice-backend/test/api-key.controller.spec.ts","startTime":1765526507108,"status":"passed","summary":""},{"assertionResults":[{"ancestorTitles":["RedeemVoucher"],"duration":295,"failing":false,"failureDetails":[],"failureMessages":[],"fullName":"RedeemVoucher should be defined","invocations":1,"location":null,"numPassingAsserts":1,"retryReasons":[],"startAt":1765526512559,"status":"passed","title":"should be defined"},{"ancestorTitles":["RedeemVoucher","execute"],"duration":224,"failing":false,"failureDetails":[{"response":{"message":"Customer private key not configured or decryption failed","error":"Not Found","statusCode":404},"status":404,"options":{},"message":"Customer private key not configured or decryption failed","name":"NotFoundException"}],"failureMessages":["NotFoundException: Customer private key not configured or decryption failed\n    at RedeemVoucher.execute (/Users/subtawen/Documents/GitHub/blockchain-backoffice-backend/src/modules/voucher/handlers/redeemVoucher.handler.ts:195:15)\n    at processTicksAndRejections (node:internal/process/task_queues:103:5)\n    at Object.<anonymous> (/Users/subtawen/Documents/GitHub/blockchain-backoffice-backend/test/redeem-voucher.handler.spec.ts:127:22)"],"fullName":"RedeemVoucher execute should successfully redeem voucher and release vault funds","invocations":1,"location":null,"numPassingAsserts":0,"retryReasons":[],"startAt":1765526512855,"status":"failed","title":"should successfully redeem voucher and release vault funds"},{"ancestorTitles":["RedeemVoucher","execute"],"duration":29,"failing":false,"failureDetails":[],"failureMessages":[],"fullName":"RedeemVoucher execute should throw NotFoundException when customer not found","invocations":1,"location":null,"numPassingAsserts":2,"retryReasons":[],"startAt":1765526513079,"status":"passed","title":"should throw NotFoundException when customer not found"},{"ancestorTitles":["RedeemVoucher","execute"],"duration":9,"failing":false,"failureDetails":[],"failureMessages":[],"fullName":"RedeemVoucher execute should throw NotFoundException when voucher code not found","invocations":1,"location":null,"numPassingAsserts":1,"retryReasons":[],"startAt":1765526513109,"status":"passed","title":"should throw NotFoundException when voucher code not found"},{"ancestorTitles":["RedeemVoucher","execute"],"duration":28,"failing":false,"failureDetails":[],"failureMessages":[],"fullName":"RedeemVoucher execute should throw BadRequestException when voucher already used","invocations":1,"location":null,"numPassingAsserts":1,"retryReasons":[],"startAt":1765526513119,"status":"passed","title":"should throw BadRequestException when voucher already used"},{"ancestorTitles":["RedeemVoucher","execute"],"duration":65,"failing":false,"failureDetails":[],"failureMessages":[],"fullName":"RedeemVoucher execute should throw BadRequestException when voucher code not owned by customer","invocations":1,"location":null,"numPassingAsserts":1,"retryReasons":[],"startAt":1765526513148,"status":"passed","title":"should throw BadRequestException when voucher code not owned by customer"},{"ancestorTitles":["RedeemVoucher","execute"],"duration":61,"failing":false,"failureDetails":[],"failureMessages":[],"fullName":"RedeemVoucher execute should throw BadRequestException when voucher expired","invocations":1,"location":null,"numPassingAsserts":1,"retryReasons":[],"startAt":1765526513213,"status":"passed","title":"should throw BadRequestException when voucher expired"},{"ancestorTitles":["RedeemVoucher","execute"],"duration":17,"failing":false,"failureDetails":[],"failureMessages":[],"fullName":"RedeemVoucher execute should throw BadRequestException when merchantRef does not match","invocations":1,"location":null,"numPassingAsserts":1,"retryReasons":[],"startAt":1765526513274,"status":"passed","title":"should throw BadRequestException when merchantRef does not match"}],"endTime":1765526513342,"message":"  ● RedeemVoucher › execute › should successfully redeem voucher and release vault funds\n\n    NotFoundException: Customer private key not configured or decryption failed\n\n      193 |       }\n      194 |       if (!customerPrivateKey) {\n    > 195 |         throw new NotFoundException(\n          |               ^\n      196 |           'Customer private key not configured or decryption failed',\n      197 |         );\n      198 |       }\n\n      at RedeemVoucher.execute (src/modules/voucher/handlers/redeemVoucher.handler.ts:195:15)\n      at Object.<anonymous> (test/redeem-voucher.handler.spec.ts:127:22)\n","name":"/Users/subtawen/Documents/GitHub/blockchain-backoffice-backend/test/redeem-voucher.handler.spec.ts","startTime":1765526477736,"status":"failed","summary":""},{"assertionResults":[{"ancestorTitles":["GetVoucherTransactionsByCustomerPhone","execute - merchant scoped"],"duration":65,"failing":false,"failureDetails":[],"failureMessages":[],"fullName":"GetVoucherTransactionsByCustomerPhone execute - merchant scoped should return only VOUCHER_TRANSFER and REDEEM transactions","invocations":1,"location":null,"numPassingAsserts":5,"retryReasons":[],"startAt":1765526514148,"status":"passed","title":"should return only VOUCHER_TRANSFER and REDEEM transactions"},{"ancestorTitles":["GetVoucherTransactionsByCustomerPhone","execute - merchant scoped"],"duration":3,"failing":false,"failureDetails":[],"failureMessages":[],"fullName":"GetVoucherTransactionsByCustomerPhone execute - merchant scoped should not include MARKETPLACE_PURCHASE in voucher transactions","invocations":1,"location":null,"numPassingAsserts":2,"retryReasons":[],"startAt":1765526514213,"status":"passed","title":"should not include MARKETPLACE_PURCHASE in voucher transactions"},{"ancestorTitles":["GetVoucherTransactionsByCustomerPhone","execute - merchant scoped"],"duration":3,"failing":false,"failureDetails":[],"failureMessages":[],"fullName":"GetVoucherTransactionsByCustomerPhone execute - merchant scoped should include voucher details in response","invocations":1,"location":null,"numPassingAsserts":1,"retryReasons":[],"startAt":1765526514217,"status":"passed","title":"should include voucher details in response"},{"ancestorTitles":["GetVoucherTransactionsByCustomerPhone","execute - merchant scoped"],"duration":4,"failing":false,"failureDetails":[],"failureMessages":[],"fullName":"GetVoucherTransactionsByCustomerPhone execute - merchant scoped should calculate direction correctly for voucher transfers","invocations":1,"location":null,"numPassingAsserts":2,"retryReasons":[],"startAt":1765526514220,"status":"passed","title":"should calculate direction correctly for voucher transfers"},{"ancestorTitles":["GetVoucherTransactionsByCustomerPhone","execute - global (all merchants)"],"duration":7,"failing":false,"failureDetails":[],"failureMessages":[],"fullName":"GetVoucherTransactionsByCustomerPhone execute - global (all merchants) should return voucher transactions from all merchants when merchantId is null","invocations":1,"location":null,"numPassingAsserts":3,"retryReasons":[],"startAt":1765526514224,"status":"passed","title":"should return voucher transactions from all merchants when merchantId is null"},{"ancestorTitles":["GetVoucherTransactionsByCustomerPhone","execute - global (all merchants)"],"duration":17,"failing":false,"failureDetails":[],"failureMessages":[],"fullName":"GetVoucherTransactionsByCustomerPhone execute - global (all merchants) should filter correctly when called globally","invocations":1,"location":null,"numPassingAsserts":3,"retryReasons":[],"startAt":1765526514231,"status":"passed","title":"should filter correctly when called globally"},{"ancestorTitles":["GetVoucherTransactionsByCustomerPhone","error handling"],"duration":121,"failing":false,"failureDetails":[],"failureMessages":[],"fullName":"GetVoucherTransactionsByCustomerPhone error handling should throw NotFoundException when customer not found","invocations":1,"location":null,"numPassingAsserts":2,"retryReasons":[],"startAt":1765526514249,"status":"passed","title":"should throw NotFoundException when customer not found"},{"ancestorTitles":["GetVoucherTransactionsByCustomerPhone","error handling"],"duration":4,"failing":false,"failureDetails":[],"failureMessages":[],"fullName":"GetVoucherTransactionsByCustomerPhone error handling should handle empty transactions array","invocations":1,"location":null,"numPassingAsserts":2,"retryReasons":[],"startAt":1765526514370,"status":"passed","title":"should handle empty transactions array"},{"ancestorTitles":["GetVoucherTransactionsByCustomerPhone","error handling"],"duration":8,"failing":false,"failureDetails":[],"failureMessages":[],"fullName":"GetVoucherTransactionsByCustomerPhone error handling should handle transactions with no voucher ownership types","invocations":1,"location":null,"numPassingAsserts":2,"retryReasons":[],"startAt":1765526514374,"status":"passed","title":"should handle transactions with no voucher ownership types"},{"ancestorTitles":["GetVoucherTransactionsByCustomerPhone","response structure"],"duration":10,"failing":false,"failureDetails":[],"failureMessages":[],"fullName":"GetVoucherTransactionsByCustomerPhone response structure should return transactions with nested voucher object","invocations":1,"location":null,"numPassingAsserts":3,"retryReasons":[],"startAt":1765526514382,"status":"passed","title":"should return transactions with nested voucher object"},{"ancestorTitles":["GetVoucherTransactionsByCustomerPhone","response structure"],"duration":7,"failing":false,"failureDetails":[],"failureMessages":[],"fullName":"GetVoucherTransactionsByCustomerPhone response structure should return transactions with nested point object","invocations":1,"location":null,"numPassingAsserts":1,"retryReasons":[],"startAt":1765526514392,"status":"passed","title":"should return transactions with nested point object"},{"ancestorTitles":["GetVoucherTransactionsByCustomerPhone","response structure"],"duration":7,"failing":false,"failureDetails":[],"failureMessages":[],"fullName":"GetVoucherTransactionsByCustomerPhone response structure should convert Buffer to hex string for addresses","invocations":1,"location":null,"numPassingAsserts":4,"retryReasons":[],"startAt":1765526514399,"status":"passed","title":"should convert Buffer to hex string for addresses"}],"endTime":1765526514407,"message":"","name":"/Users/subtawen/Documents/GitHub/blockchain-backoffice-backend/test/get-voucher-transactions-by-customer-phone.handler.spec.ts","startTime":1765526510904,"status":"passed","summary":""},{"assertionResults":[{"ancestorTitles":["GetAllTransactionsByCustomerPhone","execute"],"duration":89,"failing":false,"failureDetails":[],"failureMessages":[],"fullName":"GetAllTransactionsByCustomerPhone execute should return all transaction types (point + voucher)","invocations":1,"location":null,"numPassingAsserts":3,"retryReasons":[],"startAt":1765526514508,"status":"passed","title":"should return all transaction types (point + voucher)"},{"ancestorTitles":["GetAllTransactionsByCustomerPhone","execute"],"duration":10,"failing":false,"failureDetails":[],"failureMessages":[],"fullName":"GetAllTransactionsByCustomerPhone execute should return transactions from all merchants","invocations":1,"location":null,"numPassingAsserts":4,"retryReasons":[],"startAt":1765526514598,"status":"passed","title":"should return transactions from all merchants"},{"ancestorTitles":["GetAllTransactionsByCustomerPhone","execute"],"duration":21,"failing":false,"failureDetails":[],"failureMessages":[],"fullName":"GetAllTransactionsByCustomerPhone execute should calculate direction correctly","invocations":1,"location":null,"numPassingAsserts":2,"retryReasons":[],"startAt":1765526514609,"status":"passed","title":"should calculate direction correctly"},{"ancestorTitles":["GetAllTransactionsByCustomerPhone","execute"],"duration":9,"failing":false,"failureDetails":[],"failureMessages":[],"fullName":"GetAllTransactionsByCustomerPhone execute should include voucher details for MARKETPLACE_PURCHASE","invocations":1,"location":null,"numPassingAsserts":3,"retryReasons":[],"startAt":1765526514631,"status":"passed","title":"should include voucher details for MARKETPLACE_PURCHASE"},{"ancestorTitles":["GetAllTransactionsByCustomerPhone","execute"],"duration":9,"failing":false,"failureDetails":[],"failureMessages":[],"fullName":"GetAllTransactionsByCustomerPhone execute should include voucher details for VOUCHER_TRANSFER and REDEEM","invocations":1,"location":null,"numPassingAsserts":4,"retryReasons":[],"startAt":1765526514640,"status":"passed","title":"should include voucher details for VOUCHER_TRANSFER and REDEEM"},{"ancestorTitles":["GetAllTransactionsByCustomerPhone","error handling"],"duration":65,"failing":false,"failureDetails":[],"failureMessages":[],"fullName":"GetAllTransactionsByCustomerPhone error handling should throw NotFoundException when customer not found","invocations":1,"location":null,"numPassingAsserts":2,"retryReasons":[],"startAt":1765526514649,"status":"passed","title":"should throw NotFoundException when customer not found"},{"ancestorTitles":["GetAllTransactionsByCustomerPhone","error handling"],"duration":3,"failing":false,"failureDetails":[],"failureMessages":[],"fullName":"GetAllTransactionsByCustomerPhone error handling should handle empty transactions array","invocations":1,"location":null,"numPassingAsserts":2,"retryReasons":[],"startAt":1765526514714,"status":"passed","title":"should handle empty transactions array"},{"ancestorTitles":["GetAllTransactionsByCustomerPhone","response structure"],"duration":4,"failing":false,"failureDetails":[],"failureMessages":[],"fullName":"GetAllTransactionsByCustomerPhone response structure should return transactions with nested point object","invocations":1,"location":null,"numPassingAsserts":1,"retryReasons":[],"startAt":1765526514717,"status":"passed","title":"should return transactions with nested point object"},{"ancestorTitles":["GetAllTransactionsByCustomerPhone","response structure"],"duration":4,"failing":false,"failureDetails":[],"failureMessages":[],"fullName":"GetAllTransactionsByCustomerPhone response structure should return transactions with nested merchant object","invocations":1,"location":null,"numPassingAsserts":2,"retryReasons":[],"startAt":1765526514721,"status":"passed","title":"should return transactions with nested merchant object"},{"ancestorTitles":["GetAllTransactionsByCustomerPhone","response structure"],"duration":6,"failing":false,"failureDetails":[],"failureMessages":[],"fullName":"GetAllTransactionsByCustomerPhone response structure should return transactions with sender and receiver objects","invocations":1,"location":null,"numPassingAsserts":6,"retryReasons":[],"startAt":1765526514728,"status":"passed","title":"should return transactions with sender and receiver objects"},{"ancestorTitles":["GetAllTransactionsByCustomerPhone","response structure"],"duration":4,"failing":false,"failureDetails":[],"failureMessages":[],"fullName":"GetAllTransactionsByCustomerPhone response structure should convert Buffer to hex string for txHash and addresses","invocations":1,"location":null,"numPassingAsserts":6,"retryReasons":[],"startAt":1765526514734,"status":"passed","title":"should convert Buffer to hex string for txHash and addresses"},{"ancestorTitles":["GetAllTransactionsByCustomerPhone","response structure"],"duration":4,"failing":false,"failureDetails":[],"failureMessages":[],"fullName":"GetAllTransactionsByCustomerPhone response structure should include counts in response","invocations":1,"location":null,"numPassingAsserts":2,"retryReasons":[],"startAt":1765526514739,"status":"passed","title":"should include counts in response"},{"ancestorTitles":["GetAllTransactionsByCustomerPhone","mixed transaction types"],"duration":4,"failing":false,"failureDetails":[],"failureMessages":[],"fullName":"GetAllTransactionsByCustomerPhone mixed transaction types should handle mix of point and voucher transactions correctly","invocations":1,"location":null,"numPassingAsserts":7,"retryReasons":[],"startAt":1765526514744,"status":"passed","title":"should handle mix of point and voucher transactions correctly"}],"endTime":1765526514749,"message":"","name":"/Users/subtawen/Documents/GitHub/blockchain-backoffice-backend/test/get-all-transactions-by-customer-phone.handler.spec.ts","startTime":1765526511566,"status":"passed","summary":""},{"assertionResults":[{"ancestorTitles":["CreateApiKey Handler"],"duration":3,"failing":false,"failureDetails":[],"failureMessages":[],"fullName":"CreateApiKey Handler should be defined","invocations":1,"location":null,"numPassingAsserts":1,"retryReasons":[],"startAt":1765526514809,"status":"passed","title":"should be defined"},{"ancestorTitles":["CreateApiKey Handler"],"duration":3,"failing":false,"failureDetails":[],"failureMessages":[],"fullName":"CreateApiKey Handler should create API key successfully","invocations":1,"location":null,"numPassingAsserts":3,"retryReasons":[],"startAt":1765526514813,"status":"passed","title":"should create API key successfully"},{"ancestorTitles":["CreateApiKey Handler"],"duration":10,"failing":false,"failureDetails":[],"failureMessages":[],"fullName":"CreateApiKey Handler should handle error and throw InternalServerErrorException","invocations":1,"location":null,"numPassingAsserts":2,"retryReasons":[],"startAt":1765526514816,"status":"passed","title":"should handle error and throw InternalServerErrorException"}],"endTime":1765526514827,"message":"","name":"/Users/subtawen/Documents/GitHub/blockchain-backoffice-backend/test/createApiKey.handler.spec.ts","startTime":1765526513601,"status":"passed","summary":""},{"assertionResults":[{"ancestorTitles":["OTPService"],"duration":43,"failing":false,"failureDetails":[],"failureMessages":[],"fullName":"OTPService should be defined","invocations":1,"location":null,"numPassingAsserts":1,"retryReasons":[],"startAt":1765526515900,"status":"passed","title":"should be defined"},{"ancestorTitles":["OTPService","generateOTP"],"duration":5,"failing":false,"failureDetails":[],"failureMessages":[],"fullName":"OTPService generateOTP should generate a 6-digit OTP by default","invocations":1,"location":null,"numPassingAsserts":2,"retryReasons":[],"startAt":1765526515943,"status":"passed","title":"should generate a 6-digit OTP by default"},{"ancestorTitles":["OTPService","generateOTP"],"duration":7,"failing":false,"failureDetails":[],"failureMessages":[],"fullName":"OTPService generateOTP should generate OTP with custom length","invocations":1,"location":null,"numPassingAsserts":2,"retryReasons":[],"startAt":1765526515949,"status":"passed","title":"should generate OTP with custom length"},{"ancestorTitles":["OTPService","generateOTP"],"duration":8,"failing":false,"failureDetails":[],"failureMessages":[],"fullName":"OTPService generateOTP should generate different OTPs on multiple calls","invocations":1,"location":null,"numPassingAsserts":2,"retryReasons":[],"startAt":1765526515956,"status":"passed","title":"should generate different OTPs on multiple calls"},{"ancestorTitles":["OTPService","sendOTP"],"duration":4,"failing":false,"failureDetails":[],"failureMessages":[],"fullName":"OTPService sendOTP should send OTP successfully","invocations":1,"location":null,"numPassingAsserts":2,"retryReasons":[],"startAt":1765526515964,"status":"passed","title":"should send OTP successfully"},{"ancestorTitles":["OTPService","sendOTP"],"duration":3,"failing":false,"failureDetails":[],"failureMessages":[],"fullName":"OTPService sendOTP should include correct Basic Auth credentials","invocations":1,"location":null,"numPassingAsserts":1,"retryReasons":[],"startAt":1765526515968,"status":"passed","title":"should include correct Basic Auth credentials"},{"ancestorTitles":["OTPService","sendOTP"],"duration":3,"failing":false,"failureDetails":[],"failureMessages":[],"fullName":"OTPService sendOTP should include phone number and OTP in request body","invocations":1,"location":null,"numPassingAsserts":1,"retryReasons":[],"startAt":1765526515971,"status":"passed","title":"should include phone number and OTP in request body"},{"ancestorTitles":["OTPService","sendOTP"],"duration":21,"failing":false,"failureDetails":[],"failureMessages":[],"fullName":"OTPService sendOTP should throw InternalServerErrorException when API returns error","invocations":1,"location":null,"numPassingAsserts":2,"retryReasons":[],"startAt":1765526515974,"status":"passed","title":"should throw InternalServerErrorException when API returns error"},{"ancestorTitles":["OTPService","sendOTP"],"duration":9,"failing":false,"failureDetails":[],"failureMessages":[],"fullName":"OTPService sendOTP should throw InternalServerErrorException when fetch fails","invocations":1,"location":null,"numPassingAsserts":2,"retryReasons":[],"startAt":1765526515995,"status":"passed","title":"should throw InternalServerErrorException when fetch fails"},{"ancestorTitles":["OTPService","sendOTP"],"duration":4,"failing":false,"failureDetails":[],"failureMessages":[],"fullName":"OTPService sendOTP should handle response.json() failure gracefully","invocations":1,"location":null,"numPassingAsserts":1,"retryReasons":[],"startAt":1765526516004,"status":"passed","title":"should handle response.json() failure gracefully"},{"ancestorTitles":["OTPService","ConfigService integration"],"duration":3,"failing":false,"failureDetails":[],"failureMessages":[],"fullName":"OTPService ConfigService integration should load configuration values on initialization","invocations":1,"location":null,"numPassingAsserts":3,"retryReasons":[],"startAt":1765526516009,"status":"passed","title":"should load configuration values on initialization"}],"endTime":1765526516014,"message":"","name":"/Users/subtawen/Documents/GitHub/blockchain-backoffice-backend/test/otp.service.spec.ts","startTime":1765526514459,"status":"passed","summary":""},{"assertionResults":[{"ancestorTitles":["GetPointTransactionsByCustomerPhone","execute - merchant scoped"],"duration":31,"failing":false,"failureDetails":[],"failureMessages":[],"fullName":"GetPointTransactionsByCustomerPhone execute - merchant scoped should return point transactions filtered by merchantId","invocations":1,"location":null,"numPassingAsserts":5,"retryReasons":[],"startAt":1765526515914,"status":"passed","title":"should return point transactions filtered by merchantId"},{"ancestorTitles":["GetPointTransactionsByCustomerPhone","execute - merchant scoped"],"duration":19,"failing":false,"failureDetails":[],"failureMessages":[],"fullName":"GetPointTransactionsByCustomerPhone execute - merchant scoped should include MARKETPLACE_PURCHASE in point transactions","invocations":1,"location":null,"numPassingAsserts":4,"retryReasons":[],"startAt":1765526515945,"status":"passed","title":"should include MARKETPLACE_PURCHASE in point transactions"},{"ancestorTitles":["GetPointTransactionsByCustomerPhone","execute - merchant scoped"],"duration":3,"failing":false,"failureDetails":[],"failureMessages":[],"fullName":"GetPointTransactionsByCustomerPhone execute - merchant scoped should calculate direction correctly - SENT","invocations":1,"location":null,"numPassingAsserts":1,"retryReasons":[],"startAt":1765526515964,"status":"passed","title":"should calculate direction correctly - SENT"},{"ancestorTitles":["GetPointTransactionsByCustomerPhone","execute - merchant scoped"],"duration":4,"failing":false,"failureDetails":[],"failureMessages":[],"fullName":"GetPointTransactionsByCustomerPhone execute - merchant scoped should calculate direction correctly - RECEIVED","invocations":1,"location":null,"numPassingAsserts":1,"retryReasons":[],"startAt":1765526515967,"status":"passed","title":"should calculate direction correctly - RECEIVED"},{"ancestorTitles":["GetPointTransactionsByCustomerPhone","execute - merchant scoped"],"duration":5,"failing":false,"failureDetails":[],"failureMessages":[],"fullName":"GetPointTransactionsByCustomerPhone execute - merchant scoped should filter out VOUCHER_TRANSFER and REDEEM transactions","invocations":1,"location":null,"numPassingAsserts":3,"retryReasons":[],"startAt":1765526515971,"status":"passed","title":"should filter out VOUCHER_TRANSFER and REDEEM transactions"},{"ancestorTitles":["GetPointTransactionsByCustomerPhone","execute - global (all merchants)"],"duration":5,"failing":false,"failureDetails":[],"failureMessages":[],"fullName":"GetPointTransactionsByCustomerPhone execute - global (all merchants) should return point transactions from all merchants when merchantId is null","invocations":1,"location":null,"numPassingAsserts":3,"retryReasons":[],"startAt":1765526515976,"status":"passed","title":"should return point transactions from all merchants when merchantId is null"},{"ancestorTitles":["GetPointTransactionsByCustomerPhone","error handling"],"duration":109,"failing":false,"failureDetails":[],"failureMessages":[],"fullName":"GetPointTransactionsByCustomerPhone error handling should throw NotFoundException when customer not found","invocations":1,"location":null,"numPassingAsserts":2,"retryReasons":[],"startAt":1765526515981,"status":"passed","title":"should throw NotFoundException when customer not found"},{"ancestorTitles":["GetPointTransactionsByCustomerPhone","error handling"],"duration":3,"failing":false,"failureDetails":[],"failureMessages":[],"fullName":"GetPointTransactionsByCustomerPhone error handling should handle empty transactions array","invocations":1,"location":null,"numPassingAsserts":2,"retryReasons":[],"startAt":1765526516091,"status":"passed","title":"should handle empty transactions array"},{"ancestorTitles":["GetPointTransactionsByCustomerPhone","response structure"],"duration":6,"failing":false,"failureDetails":[],"failureMessages":[],"fullName":"GetPointTransactionsByCustomerPhone response structure should return transactions with nested point object","invocations":1,"location":null,"numPassingAsserts":1,"retryReasons":[],"startAt":1765526516095,"status":"passed","title":"should return transactions with nested point object"},{"ancestorTitles":["GetPointTransactionsByCustomerPhone","response structure"],"duration":6,"failing":false,"failureDetails":[],"failureMessages":[],"fullName":"GetPointTransactionsByCustomerPhone response structure should return transactions with sender and receiver objects","invocations":1,"location":null,"numPassingAsserts":6,"retryReasons":[],"startAt":1765526516101,"status":"passed","title":"should return transactions with sender and receiver objects"},{"ancestorTitles":["GetPointTransactionsByCustomerPhone","response structure"],"duration":5,"failing":false,"failureDetails":[],"failureMessages":[],"fullName":"GetPointTransactionsByCustomerPhone response structure should convert Buffer to hex string for txHash and addresses","invocations":1,"location":null,"numPassingAsserts":6,"retryReasons":[],"startAt":1765526516107,"status":"passed","title":"should convert Buffer to hex string for txHash and addresses"}],"endTime":1765526516114,"message":"","name":"/Users/subtawen/Documents/GitHub/blockchain-backoffice-backend/test/get-point-transactions-by-customer-phone.handler.spec.ts","startTime":1765526512732,"status":"passed","summary":""},{"assertionResults":[{"ancestorTitles":["CreatePoint"],"duration":2,"failing":false,"failureDetails":[],"failureMessages":[],"fullName":"CreatePoint should be defined","invocations":1,"location":null,"numPassingAsserts":1,"retryReasons":[],"startAt":1765526516070,"status":"passed","title":"should be defined"},{"ancestorTitles":["CreatePoint"],"duration":60,"failing":false,"failureDetails":[],"failureMessages":[],"fullName":"CreatePoint should create a point successfully","invocations":1,"location":null,"numPassingAsserts":4,"retryReasons":[],"startAt":1765526516072,"status":"passed","title":"should create a point successfully"},{"ancestorTitles":["CreatePoint"],"duration":50,"failing":false,"failureDetails":[],"failureMessages":[],"fullName":"CreatePoint should throw InternalServerErrorException on error","invocations":1,"location":null,"numPassingAsserts":1,"retryReasons":[],"startAt":1765526516132,"status":"passed","title":"should throw InternalServerErrorException on error"}],"endTime":1765526516183,"message":"","name":"/Users/subtawen/Documents/GitHub/blockchain-backoffice-backend/test/create-point.handler.spec.ts","startTime":1765526512830,"status":"passed","summary":""},{"assertionResults":[{"ancestorTitles":["BlockchainService (Simple)"],"duration":1,"failing":false,"failureDetails":[],"failureMessages":[],"fullName":"BlockchainService (Simple) should be defined","invocations":1,"location":null,"numPassingAsserts":1,"retryReasons":[],"startAt":1765526516063,"status":"passed","title":"should be defined"},{"ancestorTitles":["BlockchainService (Simple)"],"duration":49,"failing":false,"failureDetails":[],"failureMessages":[],"fullName":"BlockchainService (Simple) transaction should return txId","invocations":1,"location":null,"numPassingAsserts":1,"retryReasons":[],"startAt":1765526516066,"status":"passed","title":"transaction should return txId"},{"ancestorTitles":["BlockchainService (Simple)"],"duration":1,"failing":false,"failureDetails":[],"failureMessages":[],"fullName":"BlockchainService (Simple) mint should return txId","invocations":1,"location":null,"numPassingAsserts":1,"retryReasons":[],"startAt":1765526516115,"status":"passed","title":"mint should return txId"},{"ancestorTitles":["BlockchainService (Simple)"],"duration":1,"failing":false,"failureDetails":[],"failureMessages":[],"fullName":"BlockchainService (Simple) burn should return txId","invocations":1,"location":null,"numPassingAsserts":1,"retryReasons":[],"startAt":1765526516116,"status":"passed","title":"burn should return txId"},{"ancestorTitles":["BlockchainService (Simple)"],"duration":1,"failing":false,"failureDetails":[],"failureMessages":[],"fullName":"BlockchainService (Simple) transactionC2C should return txId","invocations":1,"location":null,"numPassingAsserts":1,"retryReasons":[],"startAt":1765526516128,"status":"passed","title":"transactionC2C should return txId"},{"ancestorTitles":["BlockchainService (Simple)"],"duration":185,"failing":false,"failureDetails":[],"failureMessages":[],"fullName":"BlockchainService (Simple) should throw InternalServerErrorException if something fails","invocations":1,"location":null,"numPassingAsserts":1,"retryReasons":[],"startAt":1765526516130,"status":"passed","title":"should throw InternalServerErrorException if something fails"}],"endTime":1765526516316,"message":"","name":"/Users/subtawen/Documents/GitHub/blockchain-backoffice-backend/test/blockchain.service.spec.ts","startTime":1765526514838,"status":"passed","summary":""},{"assertionResults":[{"ancestorTitles":["UpdatePoint"],"duration":34,"failing":false,"failureDetails":[],"failureMessages":[],"fullName":"UpdatePoint should be defined","invocations":1,"location":null,"numPassingAsserts":1,"retryReasons":[],"startAt":1765526516257,"status":"passed","title":"should be defined"},{"ancestorTitles":["UpdatePoint"],"duration":24,"failing":false,"failureDetails":[],"failureMessages":[],"fullName":"UpdatePoint should update point successfully","invocations":1,"location":null,"numPassingAsserts":4,"retryReasons":[],"startAt":1765526516296,"status":"passed","title":"should update point successfully"},{"ancestorTitles":["UpdatePoint"],"duration":40,"failing":false,"failureDetails":[],"failureMessages":[],"fullName":"UpdatePoint should throw NotFoundException when point not found","invocations":1,"location":null,"numPassingAsserts":1,"retryReasons":[],"startAt":1765526516320,"status":"passed","title":"should throw NotFoundException when point not found"},{"ancestorTitles":["UpdatePoint"],"duration":3,"failing":false,"failureDetails":[],"failureMessages":[],"fullName":"UpdatePoint should throw InternalServerErrorException for other errors","invocations":1,"location":null,"numPassingAsserts":1,"retryReasons":[],"startAt":1765526516361,"status":"passed","title":"should throw InternalServerErrorException for other errors"}],"endTime":1765526516365,"message":"","name":"/Users/subtawen/Documents/GitHub/blockchain-backoffice-backend/test/update-point.handler.spec.ts","startTime":1765526515004,"status":"passed","summary":""},{"assertionResults":[{"ancestorTitles":["CreateTransactionB2C"],"duration":39,"failing":false,"failureDetails":[],"failureMessages":[],"fullName":"CreateTransactionB2C should be defined","invocations":1,"location":null,"numPassingAsserts":1,"retryReasons":[],"startAt":1765526515879,"status":"passed","title":"should be defined"},{"ancestorTitles":["CreateTransactionB2C","execute"],"duration":186,"failing":false,"failureDetails":[{"response":{"message":"Failed to decrypt merchant wallet credentials. Please check SALT configuration.","error":"Internal Server Error","statusCode":500},"status":500,"options":{},"message":"Failed to decrypt merchant wallet credentials. Please check SALT configuration.","name":"InternalServerErrorException"}],"failureMessages":["InternalServerErrorException: Failed to decrypt merchant wallet credentials. Please check SALT configuration.\n    at CreateTransactionB2C.execute (/Users/subtawen/Documents/GitHub/blockchain-backoffice-backend/src/modules/transaction/handlers/createTransactionB2C.handler.ts:302:15)\n    at processTicksAndRejections (node:internal/process/task_queues:103:5)\n    at Object.<anonymous> (/Users/subtawen/Documents/GitHub/blockchain-backoffice-backend/test/create-transaction-b2c.handler.spec.ts:158:22)"],"fullName":"CreateTransactionB2C execute should successfully transfer points to existing customer","invocations":1,"location":null,"numPassingAsserts":0,"retryReasons":[],"startAt":1765526515920,"status":"failed","title":"should successfully transfer points to existing customer"},{"ancestorTitles":["CreateTransactionB2C","execute"],"duration":7,"failing":false,"failureDetails":[{"response":{"message":"500000: Internal server error","error":"Internal Server Error","statusCode":500},"status":500,"options":{},"message":"500000: Internal server error","name":"InternalServerErrorException"}],"failureMessages":["InternalServerErrorException: 500000: Internal server error\n    at CreateTransactionB2C.execute (/Users/subtawen/Documents/GitHub/blockchain-backoffice-backend/src/modules/transaction/handlers/createTransactionB2C.handler.ts:467:13)\n    at processTicksAndRejections (node:internal/process/task_queues:103:5)\n    at Object.<anonymous> (/Users/subtawen/Documents/GitHub/blockchain-backoffice-backend/test/create-transaction-b2c.handler.spec.ts:222:22)"],"fullName":"CreateTransactionB2C execute should auto-register customer when not found","invocations":1,"location":null,"numPassingAsserts":0,"retryReasons":[],"startAt":1765526516106,"status":"failed","title":"should auto-register customer when not found"},{"ancestorTitles":["CreateTransactionB2C","execute"],"duration":10,"failing":false,"failureDetails":[{"response":{"message":"Failed to decrypt merchant wallet credentials. Please check SALT configuration.","error":"Internal Server Error","statusCode":500},"status":500,"options":{},"message":"Failed to decrypt merchant wallet credentials. Please check SALT configuration.","name":"InternalServerErrorException"}],"failureMessages":["InternalServerErrorException: Failed to decrypt merchant wallet credentials. Please check SALT configuration.\n    at CreateTransactionB2C.execute (/Users/subtawen/Documents/GitHub/blockchain-backoffice-backend/src/modules/transaction/handlers/createTransactionB2C.handler.ts:302:15)\n    at processTicksAndRejections (node:internal/process/task_queues:103:5)\n    at Object.<anonymous> (/Users/subtawen/Documents/GitHub/blockchain-backoffice-backend/test/create-transaction-b2c.handler.spec.ts:286:22)"],"fullName":"CreateTransactionB2C execute should add customerMerchant relationship if customer exists but not linked to merchant","invocations":1,"location":null,"numPassingAsserts":0,"retryReasons":[],"startAt":1765526516114,"status":"failed","title":"should add customerMerchant relationship if customer exists but not linked to merchant"},{"ancestorTitles":["CreateTransactionB2C","execute"],"duration":61,"failing":false,"failureDetails":[{"matcherResult":{"message":"expect(received).rejects.toThrow(expected)\n\nExpected constructor: BadRequestException\nReceived constructor: InternalServerErrorException\n\nReceived message: \"500000: Internal server error\"\n\n      465 |       }\n      466 |\n    > 467 |       throw new InternalServerErrorException(INTERNAL_SERVER_ERROR);\n          |             ^\n      468 |     }\n      469 |   }\n      470 | }\n\n      at CreateTransactionB2C.execute (src/modules/transaction/handlers/createTransactionB2C.handler.ts:467:13)\n      at Object.<anonymous> (test/create-transaction-b2c.handler.spec.ts:326:7)","pass":false},"message":"expect(received).rejects.toThrow(expected)\n\nExpected constructor: BadRequestException\nReceived constructor: InternalServerErrorException\n\nReceived message: \"500000: Internal server error\"\n\n      465 |       }\n      466 |\n    > 467 |       throw new InternalServerErrorException(INTERNAL_SERVER_ERROR);\n          |             ^\n      468 |     }\n      469 |   }\n      470 | }\n\n      at CreateTransactionB2C.execute (src/modules/transaction/handlers/createTransactionB2C.handler.ts:467:13)\n      at Object.<anonymous> (test/create-transaction-b2c.handler.spec.ts:326:7)"}],"failureMessages":["Error: expect(received).rejects.toThrow(expected)\n\nExpected constructor: BadRequestException\nReceived constructor: InternalServerErrorException\n\nReceived message: \"500000: Internal server error\"\n\n      465 |       }\n      466 |\n    > 467 |       throw new InternalServerErrorException(INTERNAL_SERVER_ERROR);\n          |             ^\n      468 |     }\n      469 |   }\n      470 | }\n\n      at CreateTransactionB2C.execute (src/modules/transaction/handlers/createTransactionB2C.handler.ts:467:13)\n      at Object.<anonymous> (test/create-transaction-b2c.handler.spec.ts:326:7)\n    at Object.toThrow (/Users/subtawen/Documents/GitHub/blockchain-backoffice-backend/node_modules/expect/build/index.js:2155:20)\n    at Object.<anonymous> (/Users/subtawen/Documents/GitHub/blockchain-backoffice-backend/test/create-transaction-b2c.handler.spec.ts:331:17)\n    at Promise.finally.completed (/Users/subtawen/Documents/GitHub/blockchain-backoffice-backend/node_modules/jest-circus/build/jestAdapterInit.js:1557:28)\n    at new Promise (<anonymous>)\n    at callAsyncCircusFn (/Users/subtawen/Documents/GitHub/blockchain-backoffice-backend/node_modules/jest-circus/build/jestAdapterInit.js:1497:10)\n    at _callCircusTest (/Users/subtawen/Documents/GitHub/blockchain-backoffice-backend/node_modules/jest-circus/build/jestAdapterInit.js:1007:40)\n    at processTicksAndRejections (node:internal/process/task_queues:103:5)\n    at _runTest (/Users/subtawen/Documents/GitHub/blockchain-backoffice-backend/node_modules/jest-circus/build/jestAdapterInit.js:947:3)\n    at /Users/subtawen/Documents/GitHub/blockchain-backoffice-backend/node_modules/jest-circus/build/jestAdapterInit.js:849:7\n    at _runTestsForDescribeBlock (/Users/subtawen/Documents/GitHub/blockchain-backoffice-backend/node_modules/jest-circus/build/jestAdapterInit.js:862:11)\n    at _runTestsForDescribeBlock (/Users/subtawen/Documents/GitHub/blockchain-backoffice-backend/node_modules/jest-circus/build/jestAdapterInit.js:857:11)\n    at _runTestsForDescribeBlock (/Users/subtawen/Documents/GitHub/blockchain-backoffice-backend/node_modules/jest-circus/build/jestAdapterInit.js:857:11)\n    at run (/Users/subtawen/Documents/GitHub/blockchain-backoffice-backend/node_modules/jest-circus/build/jestAdapterInit.js:761:3)\n    at runAndTransformResultsToJestFormat (/Users/subtawen/Documents/GitHub/blockchain-backoffice-backend/node_modules/jest-circus/build/jestAdapterInit.js:1918:21)\n    at jestAdapter (/Users/subtawen/Documents/GitHub/blockchain-backoffice-backend/node_modules/jest-circus/build/runner.js:101:19)\n    at runTestInternal (/Users/subtawen/Documents/GitHub/blockchain-backoffice-backend/node_modules/jest-runner/build/testWorker.js:275:16)\n    at runTest (/Users/subtawen/Documents/GitHub/blockchain-backoffice-backend/node_modules/jest-runner/build/testWorker.js:343:7)\n    at Object.worker (/Users/subtawen/Documents/GitHub/blockchain-backoffice-backend/node_modules/jest-runner/build/testWorker.js:497:12)"],"fullName":"CreateTransactionB2C execute should throw BadRequestException when point does not belong to merchant","invocations":1,"location":null,"numPassingAsserts":0,"retryReasons":[],"startAt":1765526516124,"status":"failed","title":"should throw BadRequestException when point does not belong to merchant"},{"ancestorTitles":["CreateTransactionB2C","execute"],"duration":9,"failing":false,"failureDetails":[{"matcherResult":{"message":"expect(received).rejects.toThrow(expected)\n\nExpected constructor: BadRequestException\nReceived constructor: InternalServerErrorException\n\nReceived message: \"500000: Internal server error\"\n\n      465 |       }\n      466 |\n    > 467 |       throw new InternalServerErrorException(INTERNAL_SERVER_ERROR);\n          |             ^\n      468 |     }\n      469 |   }\n      470 | }\n\n      at CreateTransactionB2C.execute (src/modules/transaction/handlers/createTransactionB2C.handler.ts:467:13)\n      at Object.<anonymous> (test/create-transaction-b2c.handler.spec.ts:350:7)","pass":false},"message":"expect(received).rejects.toThrow(expected)\n\nExpected constructor: BadRequestException\nReceived constructor: InternalServerErrorException\n\nReceived message: \"500000: Internal server error\"\n\n      465 |       }\n      466 |\n    > 467 |       throw new InternalServerErrorException(INTERNAL_SERVER_ERROR);\n          |             ^\n      468 |     }\n      469 |   }\n      470 | }\n\n      at CreateTransactionB2C.execute (src/modules/transaction/handlers/createTransactionB2C.handler.ts:467:13)\n      at Object.<anonymous> (test/create-transaction-b2c.handler.spec.ts:350:7)"}],"failureMessages":["Error: expect(received).rejects.toThrow(expected)\n\nExpected constructor: BadRequestException\nReceived constructor: InternalServerErrorException\n\nReceived message: \"500000: Internal server error\"\n\n      465 |       }\n      466 |\n    > 467 |       throw new InternalServerErrorException(INTERNAL_SERVER_ERROR);\n          |             ^\n      468 |     }\n      469 |   }\n      470 | }\n\n      at CreateTransactionB2C.execute (src/modules/transaction/handlers/createTransactionB2C.handler.ts:467:13)\n      at Object.<anonymous> (test/create-transaction-b2c.handler.spec.ts:350:7)\n    at Object.toThrow (/Users/subtawen/Documents/GitHub/blockchain-backoffice-backend/node_modules/expect/build/index.js:2155:20)\n    at Object.<anonymous> (/Users/subtawen/Documents/GitHub/blockchain-backoffice-backend/test/create-transaction-b2c.handler.spec.ts:355:17)\n    at Promise.finally.completed (/Users/subtawen/Documents/GitHub/blockchain-backoffice-backend/node_modules/jest-circus/build/jestAdapterInit.js:1557:28)\n    at new Promise (<anonymous>)\n    at callAsyncCircusFn (/Users/subtawen/Documents/GitHub/blockchain-backoffice-backend/node_modules/jest-circus/build/jestAdapterInit.js:1497:10)\n    at _callCircusTest (/Users/subtawen/Documents/GitHub/blockchain-backoffice-backend/node_modules/jest-circus/build/jestAdapterInit.js:1007:40)\n    at processTicksAndRejections (node:internal/process/task_queues:103:5)\n    at _runTest (/Users/subtawen/Documents/GitHub/blockchain-backoffice-backend/node_modules/jest-circus/build/jestAdapterInit.js:947:3)\n    at /Users/subtawen/Documents/GitHub/blockchain-backoffice-backend/node_modules/jest-circus/build/jestAdapterInit.js:849:7\n    at _runTestsForDescribeBlock (/Users/subtawen/Documents/GitHub/blockchain-backoffice-backend/node_modules/jest-circus/build/jestAdapterInit.js:862:11)\n    at _runTestsForDescribeBlock (/Users/subtawen/Documents/GitHub/blockchain-backoffice-backend/node_modules/jest-circus/build/jestAdapterInit.js:857:11)\n    at _runTestsForDescribeBlock (/Users/subtawen/Documents/GitHub/blockchain-backoffice-backend/node_modules/jest-circus/build/jestAdapterInit.js:857:11)\n    at run (/Users/subtawen/Documents/GitHub/blockchain-backoffice-backend/node_modules/jest-circus/build/jestAdapterInit.js:761:3)\n    at runAndTransformResultsToJestFormat (/Users/subtawen/Documents/GitHub/blockchain-backoffice-backend/node_modules/jest-circus/build/jestAdapterInit.js:1918:21)\n    at jestAdapter (/Users/subtawen/Documents/GitHub/blockchain-backoffice-backend/node_modules/jest-circus/build/runner.js:101:19)\n    at runTestInternal (/Users/subtawen/Documents/GitHub/blockchain-backoffice-backend/node_modules/jest-runner/build/testWorker.js:275:16)\n    at runTest (/Users/subtawen/Documents/GitHub/blockchain-backoffice-backend/node_modules/jest-runner/build/testWorker.js:343:7)\n    at Object.worker (/Users/subtawen/Documents/GitHub/blockchain-backoffice-backend/node_modules/jest-runner/build/testWorker.js:497:12)"],"fullName":"CreateTransactionB2C execute should throw BadRequestException when amount is invalid","invocations":1,"location":null,"numPassingAsserts":0,"retryReasons":[],"startAt":1765526516193,"status":"failed","title":"should throw BadRequestException when amount is invalid"}],"endTime":1765526516257,"message":"  ● CreateTransactionB2C › execute › should successfully transfer points to existing customer\n\n    InternalServerErrorException: Failed to decrypt merchant wallet credentials. Please check SALT configuration.\n\n      300 |           `[CreateTransactionB2C] Please verify: 1) SALT is correctly loaded (should be 28 chars), 2) Merchant wallet was encrypted properly`,\n      301 |         );\n    > 302 |         throw new InternalServerErrorException(\n          |               ^\n      303 |           'Failed to decrypt merchant wallet credentials. Please check SALT configuration.',\n      304 |         );\n      305 |       }\n\n      at CreateTransactionB2C.execute (src/modules/transaction/handlers/createTransacti
[...]
mn":8}},"18":{"start":{"line":59,"column":22},"end":{"line":62,"column":8}},"19":{"start":{"line":64,"column":6},"end":{"line":66,"column":8}},"20":{"start":{"line":68,"column":6},"end":{"line":73,"column":8}},"21":{"start":{"line":75,"column":6},"end":{"line":77,"column":8}},"22":{"start":{"line":78,"column":6},"end":{"line":83,"column":7}},"23":{"start":{"line":82,"column":8},"end":{"line":82,"column":20}},"24":{"start":{"line":84,"column":6},"end":{"line":84,"column":68}},"25":{"start":{"line":13,"column":13},"end":{"line":13,"column":31}},"26":{"start":{"line":13,"column":13},"end":{"line":87,"column":null}}},"fnMap":{"0":{"name":"(anonymous_2)","decl":{"start":{"line":16,"column":2},"end":{"line":16,"column":null}},"loc":{"start":{"line":19,"column":54},"end":{"line":20,"column":6}}},"1":{"name":"(anonymous_3)","decl":{"start":{"line":22,"column":2},"end":{"line":22,"column":7}},"loc":{"start":{"line":24,"column":24},"end":{"line":86,"column":3}}}},"branchMap":{"0":{"loc":{"start":{"line":41,"column":6},"end":{"line":45,"column":7}},"type":"if","locations":[{"start":{"line":41,"column":6},"end":{"line":45,"column":7}},{"start":{},"end":{}}]},"1":{"loc":{"start":{"line":78,"column":6},"end":{"line":83,"column":7}},"type":"if","locations":[{"start":{"line":78,"column":6},"end":{"line":83,"column":7}},{"start":{},"end":{}}]},"2":{"loc":{"start":{"line":79,"column":8},"end":{"line":80,"column":42}},"type":"binary-expr","locations":[{"start":{"line":79,"column":8},"end":{"line":79,"column":42}},{"start":{"line":80,"column":8},"end":{"line":80,"column":42}}]}},"s":{"0":0,"1":0,"2":0,"3":0,"4":0,"5":0,"6":0,"7":0,"8":0,"9":0,"10":0,"11":0,"12":0,"13":0,"14":0,"15":0,"16":0,"17":0,"18":0,"19":0,"20":0,"21":0,"22":0,"23":0,"24":0,"25":0,"26":0},"f":{"0":0,"1":0},"b":{"0":[0,0],"1":[0,0],"2":[0,0]}},"/Users/subtawen/Documents/GitHub/blockchain-backoffice-backend/src/modules/voucher/utils/generate-codes.util.ts":{"path":"/Users/subtawen/Documents/GitHub/blockchain-backoffice-backend/src/modules/voucher/utils/generate-codes.util.ts","statementMap":{"0":{"start":{"line":9,"column":0},"end":{"line":9,"column":16}},"1":{"start":{"line":35,"column":0},"end":{"line":35,"column":16}},"2":{"start":{"line":62,"column":0},"end":{"line":62,"column":16}},"3":{"start":{"line":1,"column":0},"end":{"line":1,"column":33}},"4":{"start":{"line":13,"column":16},"end":{"line":13,"column":33}},"5":{"start":{"line":14,"column":17},"end":{"line":17,"column":30}},"6":{"start":{"line":19,"column":2},"end":{"line":24,"column":3}},"7":{"start":{"line":21,"column":23},"end":{"line":21,"column":74}},"8":{"start":{"line":22,"column":17},"end":{"line":22,"column":42}},"9":{"start":{"line":23,"column":4},"end":{"line":23,"column":20}},"10":{"start":{"line":26,"column":2},"end":{"line":26,"column":27}},"11":{"start":{"line":39,"column":26},"end":{"line":39,"column":28}},"12":{"start":{"line":40,"column":17},"end":{"line":43,"column":30}},"13":{"start":{"line":44,"column":20},"end":{"line":44,"column":57}},"14":{"start":{"line":46,"column":2},"end":{"line":51,"column":3}},"15":{"start":{"line":46,"column":15},"end":{"line":46,"column":16}},"16":{"start":{"line":49,"column":21},"end":{"line":49,"column":50}},"17":{"start":{"line":50,"column":4},"end":{"line":50,"column":53}},"18":{"start":{"line":53,"column":2},"end":{"line":53,"column":15}},"19":{"start":{"line":66,"column":16},"end":{"line":66,"column":33}},"20":{"start":{"line":67,"column":17},"end":{"line":70,"column":30}},"21":{"start":{"line":72,"column":2},"end":{"line":77,"column":3}},"22":{"start":{"line":74,"column":19},"end":{"line":74,"column":70}},"23":{"start":{"line":75,"column":17},"end":{"line":75,"column":37}},"24":{"start":{"line":76,"column":4},"end":{"line":76,"column":20}},"25":{"start":{"line":79,"column":2},"end":{"line":79,"column":27}}},"fnMap":{"0":{"name":"generateUniqueCodes","decl":{"start":{"line":9,"column":16},"end":{"line":9,"column":35}},"loc":{"start":{"line":11,"column":18},"end":{"line":27,"column":1}}},"1":{"name":"generateSequentialCodes","decl":{"start":{"line":35,"column":16},"end":{"line":35,"column":39}},"loc":{"start":{"line":37,"column":18},"end":{"line":54,"column":1}}},"2":{"name":"generateShortCodes","decl":{"start":{"line":62,"column":16},"end":{"line":62,"column":34}},"loc":{"start":{"line":64,"column":18},"end":{"line":80,"column":1}}}},"branchMap":{},"s":{"0":0,"1":0,"2":0,"3":0,"4":0,"5":0,"6":0,"7":0,"8":0,"9":0,"10":0,"11":0,"12":0,"13":0,"14":0,"15":0,"16":0,"17":0,"18":0,"19":0,"20":0,"21":0,"22":0,"23":0,"24":0,"25":0},"f":{"0":0,"1":0,"2":0},"b":{}},"/Users/subtawen/Documents/GitHub/blockchain-backoffice-backend/src/modules/wallet/controllers/wallet.controller.ts":{"path":"/Users/subtawen/Documents/GitHub/blockchain-backoffice-backend/src/modules/wallet/controllers/wallet.controller.ts","statementMap":{"0":{"start":{"line":1,"column":0},"end":{"line":1,"column":null}},"1":{"start":{"line":8,"column":0},"end":{"line":8,"column":86}},"2":{"start":{"line":9,"column":0},"end":{"line":9,"column":59}},"3":{"start":{"line":12,"column":7},"end":{"line":32,"column":null}},"4":{"start":{"line":14,"column":21},"end":{"line":14,"column":53}},"5":{"start":{"line":24,"column":4},"end":{"line":28,"column":5}},"6":{"start":{"line":25,"column":6},"end":{"line":27,"column":8}},"7":{"start":{"line":30,"column":4},"end":{"line":30,"column":75}},"8":{"start":{"line":12,"column":13},"end":{"line":12,"column":29}},"9":{"start":{"line":20,"column":8},"end":{"line":31,"column":null}},"10":{"start":{"line":12,"column":13},"end":{"line":32,"column":null}}},"fnMap":{"0":{"name":"(anonymous_4)","decl":{"start":{"line":13,"column":2},"end":{"line":13,"column":null}},"loc":{"start":{"line":14,"column":76},"end":{"line":15,"column":6}}},"1":{"name":"(anonymous_5)","decl":{"start":{"line":20,"column":8},"end":{"line":20,"column":31}},"loc":{"start":{"line":22,"column":34},"end":{"line":31,"column":3}}}},"branchMap":{"0":{"loc":{"start":{"line":24,"column":4},"end":{"line":28,"column":5}},"type":"if","locations":[{"start":{"line":24,"column":4},"end":{"line":28,"column":5}},{"start":{},"end":{}}]},"1":{"loc":{"start":{"line":24,"column":8},"end":{"line":24,"column":30}},"type":"binary-expr","locations":[{"start":{"line":24,"column":8},"end":{"line":24,"column":20}},{"start":{"line":24,"column":24},"end":{"line":24,"column":30}}]}},"s":{"0":0,"1":0,"2":0,"3":0,"4":0,"5":0,"6":0,"7":0,"8":0,"9":0,"10":0},"f":{"0":0,"1":0},"b":{"0":[0,0],"1":[0,0]}},"/Users/subtawen/Documents/GitHub/blockchain-backoffice-backend/src/modules/transaction/handlers/mintTransaction.handler.ts":{"path":"/Users/subtawen/Documents/GitHub/blockchain-backoffice-backend/src/modules/transaction/handlers/mintTransaction.handler.ts","statementMap":{"0":{"start":{"line":1,"column":0},"end":{"line":1,"column":null}},"1":{"start":{"line":7,"column":0},"end":{"line":7,"column":74}},"2":{"start":{"line":8,"column":0},"end":{"line":8,"column":null}},"3":{"start":{"line":12,"column":0},"end":{"line":12,"column":73}},"4":{"start":{"line":14,"column":0},"end":{"line":14,"column":80}},"5":{"start":{"line":17,"column":0},"end":{"line":17,"column":92}},"6":{"start":{"line":18,"column":0},"end":{"line":18,"column":86}},"7":{"start":{"line":19,"column":0},"end":{"line":19,"column":79}},"8":{"start":{"line":20,"column":0},"end":{"line":20,"column":47}},"9":{"start":{"line":21,"column":0},"end":{"line":21,"column":73}},"10":{"start":{"line":22,"column":0},"end":{"line":22,"column":45}},"11":{"start":{"line":25,"column":28},"end":{"line":162,"column":null}},"12":{"start":{"line":31,"column":21},"end":{"line":31,"column":25}},"13":{"start":{"line":32,"column":21},"end":{"line":32,"column":42}},"14":{"start":{"line":33,"column":21},"end":{"line":33,"column":40}},"15":{"start":{"line":34,"column":21},"end":{"line":34,"column":41}},"16":{"start":{"line":35,"column":21},"end":{"line":35,"column":37}},"17":{"start":{"line":36,"column":21},"end":{"line":36,"column":36}},"18":{"start":{"line":28,"column":10},"end":{"line":28,"column":52}},"19":{"start":{"line":38,"column":4},"end":{"line":38,"column":55}},"20":{"start":{"line":58,"column":4},"end":{"line":160,"column":5}},"21":{"start":{"line":59,"column":33},"end":{"line":59,"column":37}},"22":{"start":{"line":61,"column":24},"end":{"line":63,"column":null}},"23":{"start":{"line":67,"column":31},"end":{"line":69,"column":null}},"24":{"start":{"line":73,"column":6},"end":{"line":77,"column":7}},"25":{"start":{"line":74,"column":8},"end":{"line":76,"column":10}},"26":{"start":{"line":79,"column":27},"end":{"line":79,"column":43}},"27":{"start":{"line":82,"column":36},"end":{"line":83,"column":null}},"28":{"start":{"line":83,"column":21},"end":{"line":83,"column":49}},"29":{"start":{"line":86,"column":6},"end":{"line":90,"column":7}},"30":{"start":{"line":87,"column":8},"end":{"line":89,"column":10}},"31":{"start":{"line":92,"column":23},"end":{"line":96,"column":8}},"32":{"start":{"line":98,"column":26},"end":{"line":113,"column":8}},"33":{"start":{"line":115,"column":6},"end":{"line":121,"column":7}},"34":{"start":{"line":116,"column":8},"end":{"line":120,"column":11}},"35":{"start":{"line":123,"column":6},"end":{"line":144,"column":7}},"36":{"start":{"line":124,"column":30},"end":{"line":125,"column":null}},"37":{"start":{"line":125,"column":18},"end":{"line":125,"column":41}},"38":{"start":{"line":128,"column":8},"end":{"line":143,"column":9}},"39":{"start":{"line":129,"column":10},"end":{"line":136,"column":13}},"40":{"start":{"line":138,"column":10},"end":{"line":142,"column":13}},"41":{"start":{"line":146,"column":6},"end":{"line":151,"column":8}},"42":{"start":{"line":153,"column":6},"end":{"line":155,"column":8}},"43":{"start":{"line":156,"column":6},"end":{"line":158,"column":7}},"44":{"start":{"line":157,"column":8},"end":{"line":157,"column":65}},"45":{"start":{"line":159,"column":6},"end":{"line":159,"column":68}},"46":{"start":{"line":25,"column":13},"end":{"line":25,"column":28}},"47":{"start":{"line":25,"column":13},"end":{"line":162,"column":null}}},"fnMap":{"0":{"name":"(anonymous_2)","decl":{"start":{"line":30,"column":2},"end":{"line":30,"column":null}},"loc":{"start":{"line":36,"column":49},"end":{"line":39,"column":3}}},"1":{"name":"(anonymous_3)","decl":{"start":{"line":41,"column":2},"end":{"line":41,"column":7}},"loc":{"start":{"line":56,"column":52},"end":{"line":161,"column":3}}},"2":{"name":"(anonymous_4)","decl":{"start":{"line":83,"column":8},"end":{"line":83,"column":9}},"loc":{"start":{"line":83,"column":21},"end":{"line":83,"column":49}}},"3":{"name":"(anonymous_5)","decl":{"start":{"line":125,"column":10},"end":{"line":125,"column":11}},"loc":{"start":{"line":125,"column":18},"end":{"line":125,"column":41}}}},"branchMap":{"0":{"loc":{"start":{"line":73,"column":6},"end":{"line":77,"column":7}},"type":"if","locations":[{"start":{"line":73,"column":6},"end":{"line":77,"column":7}},{"start":{},"end":{}}]},"1":{"loc":{"start":{"line":86,"column":6},"end":{"line":90,"column":7}},"type":"if","locations":[{"start":{"line":86,"column":6},"end":{"line":90,"column":7}},{"start":{},"end":{}}]},"2":{"loc":{"start":{"line":94,"column":13},"end":{"line":94,"column":57}},"type":"binary-expr","locations":[{"start":{"line":94,"column":13},"end":{"line":94,"column":51}},{"start":{"line":94,"column":55},"end":{"line":94,"column":57}}]},"3":{"loc":{"start":{"line":103,"column":14},"end":{"line":103,"column":58}},"type":"binary-expr","locations":[{"start":{"line":103,"column":14},"end":{"line":103,"column":52}},{"start":{"line":103,"column":56},"end":{"line":103,"column":58}}]},"4":{"loc":{"start":{"line":115,"column":6},"end":{"line":121,"column":7}},"type":"if","locations":[{"start":{"line":115,"column":6},"end":{"line":121,"column":7}},{"start":{},"end":{}}]},"5":{"loc":{"start":{"line":123,"column":6},"end":{"line":144,"column":7}},"type":"if","locations":[{"start":{"line":123,"column":6},"end":{"line":144,"column":7}},{"start":{},"end":{}}]},"6":{"loc":{"start":{"line":128,"column":8},"end":{"line":143,"column":9}},"type":"if","locations":[{"start":{"line":128,"column":8},"end":{"line":143,"column":9}},{"start":{"line":137,"column":15},"end":{"line":143,"column":9}}]},"7":{"loc":{"start":{"line":156,"column":6},"end":{"line":158,"column":7}},"type":"if","locations":[{"start":{"line":156,"column":6},"end":{"line":158,"column":7}},{"start":{},"end":{}}]}},"s":{"0":0,"1":0,"2":0,"3":0,"4":0,"5":0,"6":0,"7":0,"8":0,"9":0,"10":0,"11":0,"12":0,"13":0,"14":0,"15":0,"16":0,"17":0,"18":0,"19":0,"20":0,"21":0,"22":0,"23":0,"24":0,"25":0,"26":0,"27":0,"28":0,"29":0,"30":0,"31":0,"32":0,"33":0,"34":0,"35":0,"36":0,"37":0,"38":0,"39":0,"40":0,"41":0,"42":0,"43":0,"44":0,"45":0,"46":0,"47":0},"f":{"0":0,"1":0,"2":0,"3":0},"b":{"0":[0,0],"1":[0,0],"2":[0,0],"3":[0,0],"4":[0,0],"5":[0,0],"6":[0,0],"7":[0,0]}},"/Users/subtawen/Documents/GitHub/blockchain-backoffice-backend/src/modules/wallet/services/wallet-db.service.ts":{"path":"/Users/subtawen/Documents/GitHub/blockchain-backoffice-backend/src/modules/wallet/services/wallet-db.service.ts","statementMap":{"0":{"start":{"line":1,"column":0},"end":{"line":1,"column":63}},"1":{"start":{"line":2,"column":0},"end":{"line":2,"column":56}},"2":{"start":{"line":6,"column":7},"end":{"line":152,"column":null}},"3":{"start":{"line":7,"column":31},"end":{"line":7,"column":43}},"4":{"start":{"line":16,"column":4},"end":{"line":18,"column":5}},"5":{"start":{"line":17,"column":6},"end":{"line":17,"column":18}},"6":{"start":{"line":20,"column":19},"end":{"line":27,"column":6}},"7":{"start":{"line":29,"column":4},"end":{"line":29,"column":18}},"8":{"start":{"line":36,"column":19},"end":{"line":38,"column":6}},"9":{"start":{"line":40,"column":4},"end":{"line":42,"column":5}},"10":{"start":{"line":41,"column":6},"end":{"line":41,"column":68}},"11":{"start":{"line":44,"column":4},"end":{"line":44,"column":18}},"12":{"start":{"line":51,"column":19},"end":{"line":57,"column":6}},"13":{"start":{"line":59,"column":4},"end":{"line":59,"column":18}},"14":{"start":{"line":66,"column":19},"end":{"line":72,"column":6}},"15":{"start":{"line":74,"column":4},"end":{"line":74,"column":18}},"16":{"start":{"line":81,"column":4},"end":{"line":94,"column":7}},"17":{"start":{"line":101,"column":19},"end":{"line":115,"column":6}},"18":{"start":{"line":117,"column":4},"end":{"line":117,"column":36}},"19":{"start":{"line":131,"column":4},"end":{"line":133,"column":7}},"20":{"start":{"line":147,"column":4},"end":{"line":150,"column":7}},"21":{"start":{"line":6,"column":13},"end":{"line":6,"column":28}},"22":{"start":{"line":6,"column":13},"end":{"line":152,"column":null}}},"fnMap":{"0":{"name":"(anonymous_2)","decl":{"start":{"line":7,"column":2},"end":{"line":7,"column":31}},"loc":{"start":{"line":7,"column":59},"end":{"line":7,"column":63}}},"1":{"name":"(anonymous_3)","decl":{"start":{"line":12,"column":2},"end":{"line":12,"column":7}},"loc":{"start":{"line":14,"column":18},"end":{"line":30,"column":3}}},"2":{"name":"(anonymous_4)","decl":{"start":{"line":35,"column":2},"end":{"line":35,"column":7}},"loc":{"start":{"line":35,"column":32},"end":{"line":45,"column":3}}},"3":{"name":"(anonymous_5)","decl":{"start":{"line":50,"column":2},"end":{"line":50,"column":7}},"loc":{"start":{"line":50,"column":48},"end":{"line":60,"column":3}}},"4":{"name":"(anonymous_6)","decl":{"start":{"line":65,"column":2},"end":{"line":65,"column":7}},"loc":{"start":{"line":65,"column":48},"end":{"line":75,"column":3}}},"5":{"name":"(anonymous_7)","decl":{"start":{"line":80,"column":2},"end":{"line":80,"column":7}},"loc":{"start":{"line":80,"column":48},"end":{"line":95,"column":3}}},"6":{"name":"(anonymous_8)","decl":{"start":{"line":100,"column":2},"end":{"line":100,"column":7}},"loc":{"start":{"line":100,"column":56},"end":{"line":118,"column":3}}},"7":{"name":"(anonymous_9)","decl":{"start":{"line":123,"column":2},"end":{"line":123,"column":7}},"loc":{"start":{"line":130,"column":3},"end":{"line":134,"column":3}}},"8":{"name":"(anonymous_10)","decl":{"start":{"line":139,"column":2},"end":{"line":139,"column":7}},"loc":{"start":{"line":145,"column":5},"end":{"line":151,"column":3}}}},"branchMap":{"0":{"loc":{"start":{"line":16,"column":4},"end":{"line":18,"column":5}},"type":"if","locations":[{"start":{"line":16,"column":4},"end":{"line":18,"column":5}},{"start":{},"end":{}}]},"1":{"loc":{"start":{"line":16,"column":8},"end":{"line":16,"column":30}},"type":"binary-expr","locations":[{"start":{"line":16,"column":8},"end":{"line":16,"column":20}},{"start":{"line":16,"column":24},"end":{"line":16,"column":30}}]},"2":{"loc":{"start":{"line":23,"column":14},"end":{"line":23,"column":50}},"type":"cond-expr","locations":[{"start":{"line":23,"column":28},"end":{"line":23,"column":45}},{"start":{"line":23,"column":48},"end":{"line":23,"column":50}}]},"3":{"loc":{"start":{"line":24,"column":14},"end":{"line":24,"column":38}},"type":"cond-expr","locations":[{"start":{"line":24,"column":22},"end":{"line":24,"column":33}},{"start":{"line":24,"column":36},"end":{"line":24,"column":38}}]},"4":{"loc":{"start":{"line":40,"column":4},"end":{"line":42,"column":5}},"type":"if","locations":[{"start":{"line":40,"column":4},"end":{"line":42,"column":5}},{"start":{},"end":{}}]},"5":{"loc":{"start":{"line":117,"column":11},"end":{"line":117,"column":35}},"type":"binary-expr","locations":[{"start":{"line":117,"column":11},"end":{"line":117,"column":27}},{"start":{"line":117,"column":31},"end":{"line":117,"column":35}}]}},"s":{"0":0,"1":0,"2":0,"3":0,"4":0,"5":0,"6":0,"7":0,"8":0,"9":0,"10":0,"11":0,"12":0,"13":0,"14":0,"15":0,"16":0,"17":0,"18":0,"19":0,"20":0,"21":0,"22":0},"f":{"0":0,"1":0,"2":0,"3":0,"4":0,"5":0,"6":0,"7":0,"8":0},"b":{"0":[0,0],"1":[0,0],"2":[0,0],"3":[0,0],"4":[0,0],"5":[0,0]}},"/Users/subtawen/Documents/GitHub/blockchain-backoffice-backend/src/modules/wallet/handlers/getWalletByPhoneOrEmail.handler.ts":{"path":"/Users/subtawen/Documents/GitHub/blockchain-backoffice-backend/src/modules/wallet/handlers/getWalletByPhoneOrEmail.handler.ts","statementMap":{"0":{"start":{"line":1,"column":0},"end":{"line":1,"column":63}},"1":{"start":{"line":2,"column":0},"end":{"line":2,"column":64}},"2":{"start":{"line":5,"column":7},"end":{"line":25,"column":null}},"3":{"start":{"line":6,"column":22},"end":{"line":6,"column":32}},"4":{"start":{"line":9,"column":19},"end":{"line":11,"column":null}},"5":{"start":{"line":14,"column":4},"end":{"line":18,"column":5}},"6":{"start":{"line":15,"column":6},"end":{"line":17,"column":8}},"7":{"start":{"line":21,"column":43},"end":{"line":21,"column":49}},"8":{"start":{"line":23,"column":4},"end":{"line":23,"column":35}},"9":{"start":{"line":5,"column":13},"end":{"line":5,"column":36}},"10":{"start":{"line":5,"column":13},"end":{"line":25,"column":null}}},"fnMap":{"0":{"name":"(anonymous_2)","decl":{"start":{"line":6,"column":2},"end":{"line":6,"column":22}},"loc":{"start":{"line":6,"column":47},"end":{"line":6,"column":51}}},"1":{"name":"(anonymous_3)","decl":{"start":{"line":8,"column":2},"end":{"line":8,"column":7}},"loc":{"start":{"line":8,"column":52},"end":{"line":24,"column":3}}}},"branchMap":{"0":{"loc":{"start":{"line":14,"column":4},"end":{"line":18,"column":5}},"type":"if","locations":[{"start":{"line":14,"column":4},"end":{"line":18,"column":5}},{"start":{},"end":{}}]},"1":{"loc":{"start":{"line":16,"column":32},"end":{"line":16,"column":74}},"type":"cond-expr","locations":[{"start":{"line":16,"column":46},"end":{"line":16,"column":69}},{"start":{"line":16,"column":72},"end":{"line":16,"column":74}}]},"2":{"loc":{"start":{"line":16,"column":78},"end":{"line":16,"column":108}},"type":"cond-expr","locations":[{"start":{"line":16,"column":86},"end":{"line":16,"column":103}},{"start":{"line":16,"column":106},"end":{"line":16,"column":108}}]}},"s":{"0":0,"1":0,"2":0,"3":0,"4":0,"5":0,"6":0,"7":0,"8":0,"9":0,"10":0},"f":{"0":0,"1":0},"b":{"0":[0,0],"1":[0,0],"2":[0,0]}}}}
